Arguments: 
  C:\Program Files\nodejs\node.exe C:\Users\seungho\AppData\Roaming\npm\node_modules\yarn\bin\yarn.js add -D @types/i18n-iso-countries

PATH: 
  C:\Program Files\Common Files\Oracle\Java\javapath;C:\Program Files (x86)\Common Files\Oracle\Java\javapath;C:\Program Files\Microsoft\jdk-11.0.12.7-hotspot\bin;C:\Windows\system32;C:\Windows;C:\Windows\System32\Wbem;C:\Windows\System32\WindowsPowerShell\v1.0\;C:\Windows\System32\OpenSSH\;C:\Program Files\Bandizip\;C:\Program Files\dotnet\;C:\Users\seungho\flutter\bin;C:\Users\seungho\AppData\Roaming\npm;C:\Users\seungho\Documents\seungho-hub\tools\drivers;C:\MinGW\bin;C:\Program Files\Git\cmd;C:\ProgramData\chocolatey\bin;;C:\Program Files\NVIDIA Corporation\NVIDIA NvDLISR;C:\Program Files (x86)\NVIDIA Corporation\PhysX\Common;C:\Program Files\nodejs\;C:\Program Files\Docker\Docker\resources\bin;C:\Program Files\Kubernetes\Minikube;C:\Program Files\MySQL\MySQL Shell 8.0\bin\;C:\Users\seungho\AppData\Local\Microsoft\WindowsApps;C:\Users\seungho\AppData\Local\Programs\Microsoft VS Code\bin;C:\Users\seungho\Desktop\adb\platform-tools;C:\Program Files\MySQL\MySQL Server 8.0\bin;C:\Program Files\OpenSSL-Win64\bin;C:\Program Files\Java\jdk-19\bin;C:\Program Files\JetBrains\IntelliJ IDEA 2023.1.4\bin;;C:\Users\seungho\AppData\Local\Programs\oh-my-posh\bin;C:\Users\seungho\AppData\Local\Yarn\bin;C:\Gradle\gradle-8.3\bin;C:\Users\seungho\anaconda3\condabin;C:\Program Files\CMake\bin;C:\Users\seungho\AppData\Local\Microsoft\WinGet\Packages\Schniz.fnm_Microsoft.Winget.Source_8wekyb3d8bbwe;C:\Users\seungho\AppData\Roaming\npm;C:\Program Files\Redis;C:\Program Files\ffmpeg\bin;C:\Program Files\Oracle\VirtualBox;

Yarn version: 
  1.22.18

Node version: 
  20.15.1

Platform: 
  win32 x64

Trace: 
  Error: https://registry.yarnpkg.com/@types%2fi18n-iso-countries: Not found
      at params.callback [as _callback] (C:\Users\seungho\AppData\Roaming\npm\node_modules\yarn\lib\cli.js:66138:18)
      at self.callback (C:\Users\seungho\AppData\Roaming\npm\node_modules\yarn\lib\cli.js:140883:22)
      at Request.emit (node:events:519:28)
      at Request.<anonymous> (C:\Users\seungho\AppData\Roaming\npm\node_modules\yarn\lib\cli.js:141855:10)
      at Request.emit (node:events:519:28)
      at IncomingMessage.<anonymous> (C:\Users\seungho\AppData\Roaming\npm\node_modules\yarn\lib\cli.js:141777:12)
      at Object.onceWrapper (node:events:633:28)
      at IncomingMessage.emit (node:events:531:35)
      at endReadableNT (node:internal/streams/readable:1696:12)
      at process.processTicksAndRejections (node:internal/process/task_queues:82:21)

npm manifest: 
  {
  	"name": "world-temperature-time-machine",
  	"private": true,
  	"version": "0.0.1",
  	"type": "module",
  	"scripts": {
  		"dev": "vite dev",
  		"build": "vite build",
  		"preview": "vite preview",
  		"check": "svelte-kit sync && svelte-check --tsconfig ./tsconfig.json",
  		"check:watch": "svelte-kit sync && svelte-check --tsconfig ./tsconfig.json --watch",
  		"lint": "eslint . && prettier --check .",
  		"format": "prettier --write ."
  	},
  	"devDependencies": {
  		"@eslint/compat": "^1.2.3",
  		"@sveltejs/adapter-auto": "^3.0.0",
  		"@sveltejs/kit": "^2.0.0",
  		"@sveltejs/vite-plugin-svelte": "^4.0.0",
  		"eslint": "^9.7.0",
  		"eslint-config-prettier": "^9.1.0",
  		"eslint-plugin-svelte": "^2.36.0",
  		"globals": "^15.0.0",
  		"prettier": "^3.3.2",
  		"prettier-plugin-svelte": "^3.2.6",
  		"sass-embedded": "^1.83.0",
  		"svelte": "^5.0.0",
  		"svelte-check": "^4.0.0",
  		"typescript": "^5.0.0",
  		"typescript-eslint": "^8.0.0",
  		"vite": "^5.4.11"
  	},
  	"dependencies": {
  		"i18n-iso-countries": "^7.13.0"
  	}
  }

yarn manifest: 
  No manifest

Lockfile: 
  # THIS IS AN AUTOGENERATED FILE. DO NOT EDIT THIS FILE DIRECTLY.
  # yarn lockfile v1
  
  
  "@ampproject/remapping@^2.3.0":
    version "2.3.0"
    resolved "https://registry.yarnpkg.com/@ampproject/remapping/-/remapping-2.3.0.tgz#ed441b6fa600072520ce18b43d2c8cc8caecc7f4"
    integrity sha512-30iZtAPgz+LTIYoeivqYo853f02jBYSd5uGnGpkFV0M3xOt9aN73erkgYAmZU43x4VfqcnLxW9Kpg3R5LC4YYw==
    dependencies:
      "@jridgewell/gen-mapping" "^0.3.5"
      "@jridgewell/trace-mapping" "^0.3.24"
  
  "@bufbuild/protobuf@^2.0.0":
    version "2.2.3"
    resolved "https://registry.yarnpkg.com/@bufbuild/protobuf/-/protobuf-2.2.3.tgz#9cd136f6b687e63e9b517b3a54211ece942897ee"
    integrity sha512-tFQoXHJdkEOSwj5tRIZSPNUuXK3RaR7T1nUrPgbYX1pUbvqqaaZAsfo+NXBPsz5rZMSKVFrgK1WL8Q/MSLvprg==
  
  "@esbuild/aix-ppc64@0.21.5":
    version "0.21.5"
    resolved "https://registry.yarnpkg.com/@esbuild/aix-ppc64/-/aix-ppc64-0.21.5.tgz#c7184a326533fcdf1b8ee0733e21c713b975575f"
    integrity sha512-1SDgH6ZSPTlggy1yI6+Dbkiz8xzpHJEVAlF/AM1tHPLsf5STom9rwtjE4hKAF20FfXXNTFqEYXyJNWh1GiZedQ==
  
  "@esbuild/android-arm64@0.21.5":
    version "0.21.5"
    resolved "https://registry.yarnpkg.com/@esbuild/android-arm64/-/android-arm64-0.21.5.tgz#09d9b4357780da9ea3a7dfb833a1f1ff439b4052"
    integrity sha512-c0uX9VAUBQ7dTDCjq+wdyGLowMdtR/GoC2U5IYk/7D1H1JYC0qseD7+11iMP2mRLN9RcCMRcjC4YMclCzGwS/A==
  
  "@esbuild/android-arm@0.21.5":
    version "0.21.5"
    resolved "https://registry.yarnpkg.com/@esbuild/android-arm/-/android-arm-0.21.5.tgz#9b04384fb771926dfa6d7ad04324ecb2ab9b2e28"
    integrity sha512-vCPvzSjpPHEi1siZdlvAlsPxXl7WbOVUBBAowWug4rJHb68Ox8KualB+1ocNvT5fjv6wpkX6o/iEpbDrf68zcg==
  
  "@esbuild/android-x64@0.21.5":
    version "0.21.5"
    resolved "https://registry.yarnpkg.com/@esbuild/android-x64/-/android-x64-0.21.5.tgz#29918ec2db754cedcb6c1b04de8cd6547af6461e"
    integrity sha512-D7aPRUUNHRBwHxzxRvp856rjUHRFW1SdQATKXH2hqA0kAZb1hKmi02OpYRacl0TxIGz/ZmXWlbZgjwWYaCakTA==
  
  "@esbuild/darwin-arm64@0.21.5":
    version "0.21.5"
    resolved "https://registry.yarnpkg.com/@esbuild/darwin-arm64/-/darwin-arm64-0.21.5.tgz#e495b539660e51690f3928af50a76fb0a6ccff2a"
    integrity sha512-DwqXqZyuk5AiWWf3UfLiRDJ5EDd49zg6O9wclZ7kUMv2WRFr4HKjXp/5t8JZ11QbQfUS6/cRCKGwYhtNAY88kQ==
  
  "@esbuild/darwin-x64@0.21.5":
    version "0.21.5"
    resolved "https://registry.yarnpkg.com/@esbuild/darwin-x64/-/darwin-x64-0.21.5.tgz#c13838fa57372839abdddc91d71542ceea2e1e22"
    integrity sha512-se/JjF8NlmKVG4kNIuyWMV/22ZaerB+qaSi5MdrXtd6R08kvs2qCN4C09miupktDitvh8jRFflwGFBQcxZRjbw==
  
  "@esbuild/freebsd-arm64@0.21.5":
    version "0.21.5"
    resolved "https://registry.yarnpkg.com/@esbuild/freebsd-arm64/-/freebsd-arm64-0.21.5.tgz#646b989aa20bf89fd071dd5dbfad69a3542e550e"
    integrity sha512-5JcRxxRDUJLX8JXp/wcBCy3pENnCgBR9bN6JsY4OmhfUtIHe3ZW0mawA7+RDAcMLrMIZaf03NlQiX9DGyB8h4g==
  
  "@esbuild/freebsd-x64@0.21.5":
    version "0.21.5"
    resolved "https://registry.yarnpkg.com/@esbuild/freebsd-x64/-/freebsd-x64-0.21.5.tgz#aa615cfc80af954d3458906e38ca22c18cf5c261"
    integrity sha512-J95kNBj1zkbMXtHVH29bBriQygMXqoVQOQYA+ISs0/2l3T9/kj42ow2mpqerRBxDJnmkUDCaQT/dfNXWX/ZZCQ==
  
  "@esbuild/linux-arm64@0.21.5":
    version "0.21.5"
    resolved "https://registry.yarnpkg.com/@esbuild/linux-arm64/-/linux-arm64-0.21.5.tgz#70ac6fa14f5cb7e1f7f887bcffb680ad09922b5b"
    integrity sha512-ibKvmyYzKsBeX8d8I7MH/TMfWDXBF3db4qM6sy+7re0YXya+K1cem3on9XgdT2EQGMu4hQyZhan7TeQ8XkGp4Q==
  
  "@esbuild/linux-arm@0.21.5":
    version "0.21.5"
    resolved "https://registry.yarnpkg.com/@esbuild/linux-arm/-/linux-arm-0.21.5.tgz#fc6fd11a8aca56c1f6f3894f2bea0479f8f626b9"
    integrity sha512-bPb5AHZtbeNGjCKVZ9UGqGwo8EUu4cLq68E95A53KlxAPRmUyYv2D6F0uUI65XisGOL1hBP5mTronbgo+0bFcA==
  
  "@esbuild/linux-ia32@0.21.5":
    version "0.21.5"
    resolved "https://registry.yarnpkg.com/@esbuild/linux-ia32/-/linux-ia32-0.21.5.tgz#3271f53b3f93e3d093d518d1649d6d68d346ede2"
    integrity sha512-YvjXDqLRqPDl2dvRODYmmhz4rPeVKYvppfGYKSNGdyZkA01046pLWyRKKI3ax8fbJoK5QbxblURkwK/MWY18Tg==
  
  "@esbuild/linux-loong64@0.21.5":
    version "0.21.5"
    resolved "https://registry.yarnpkg.com/@esbuild/linux-loong64/-/linux-loong64-0.21.5.tgz#ed62e04238c57026aea831c5a130b73c0f9f26df"
    integrity sha512-uHf1BmMG8qEvzdrzAqg2SIG/02+4/DHB6a9Kbya0XDvwDEKCoC8ZRWI5JJvNdUjtciBGFQ5PuBlpEOXQj+JQSg==
  
  "@esbuild/linux-mips64el@0.21.5":
    version "0.21.5"
    resolved "https://registry.yarnpkg.com/@esbuild/linux-mips64el/-/linux-mips64el-0.21.5.tgz#e79b8eb48bf3b106fadec1ac8240fb97b4e64cbe"
    integrity sha512-IajOmO+KJK23bj52dFSNCMsz1QP1DqM6cwLUv3W1QwyxkyIWecfafnI555fvSGqEKwjMXVLokcV5ygHW5b3Jbg==
  
  "@esbuild/linux-ppc64@0.21.5":
    version "0.21.5"
    resolved "https://registry.yarnpkg.com/@esbuild/linux-ppc64/-/linux-ppc64-0.21.5.tgz#5f2203860a143b9919d383ef7573521fb154c3e4"
    integrity sha512-1hHV/Z4OEfMwpLO8rp7CvlhBDnjsC3CttJXIhBi+5Aj5r+MBvy4egg7wCbe//hSsT+RvDAG7s81tAvpL2XAE4w==
  
  "@esbuild/linux-riscv64@0.21.5":
    version "0.21.5"
    resolved "https://registry.yarnpkg.com/@esbuild/linux-riscv64/-/linux-riscv64-0.21.5.tgz#07bcafd99322d5af62f618cb9e6a9b7f4bb825dc"
    integrity sha512-2HdXDMd9GMgTGrPWnJzP2ALSokE/0O5HhTUvWIbD3YdjME8JwvSCnNGBnTThKGEB91OZhzrJ4qIIxk/SBmyDDA==
  
  "@esbuild/linux-s390x@0.21.5":
    version "0.21.5"
    resolved "https://registry.yarnpkg.com/@esbuild/linux-s390x/-/linux-s390x-0.21.5.tgz#b7ccf686751d6a3e44b8627ababc8be3ef62d8de"
    integrity sha512-zus5sxzqBJD3eXxwvjN1yQkRepANgxE9lgOW2qLnmr8ikMTphkjgXu1HR01K4FJg8h1kEEDAqDcZQtbrRnB41A==
  
  "@esbuild/linux-x64@0.21.5":
    version "0.21.5"
    resolved "https://registry.yarnpkg.com/@esbuild/linux-x64/-/linux-x64-0.21.5.tgz#6d8f0c768e070e64309af8004bb94e68ab2bb3b0"
    integrity sha512-1rYdTpyv03iycF1+BhzrzQJCdOuAOtaqHTWJZCWvijKD2N5Xu0TtVC8/+1faWqcP9iBCWOmjmhoH94dH82BxPQ==
  
  "@esbuild/netbsd-x64@0.21.5":
    version "0.21.5"
    resolved "https://registry.yarnpkg.com/@esbuild/netbsd-x64/-/netbsd-x64-0.21.5.tgz#bbe430f60d378ecb88decb219c602667387a6047"
    integrity sha512-Woi2MXzXjMULccIwMnLciyZH4nCIMpWQAs049KEeMvOcNADVxo0UBIQPfSmxB3CWKedngg7sWZdLvLczpe0tLg==
  
  "@esbuild/openbsd-x64@0.21.5":
    version "0.21.5"
    resolved "https://registry.yarnpkg.com/@esbuild/openbsd-x64/-/openbsd-x64-0.21.5.tgz#99d1cf2937279560d2104821f5ccce220cb2af70"
    integrity sha512-HLNNw99xsvx12lFBUwoT8EVCsSvRNDVxNpjZ7bPn947b8gJPzeHWyNVhFsaerc0n3TsbOINvRP2byTZ5LKezow==
  
  "@esbuild/sunos-x64@0.21.5":
    version "0.21.5"
    resolved "https://registry.yarnpkg.com/@esbuild/sunos-x64/-/sunos-x64-0.21.5.tgz#08741512c10d529566baba837b4fe052c8f3487b"
    integrity sha512-6+gjmFpfy0BHU5Tpptkuh8+uw3mnrvgs+dSPQXQOv3ekbordwnzTVEb4qnIvQcYXq6gzkyTnoZ9dZG+D4garKg==
  
  "@esbuild/win32-arm64@0.21.5":
    version "0.21.5"
    resolved "https://registry.yarnpkg.com/@esbuild/win32-arm64/-/win32-arm64-0.21.5.tgz#675b7385398411240735016144ab2e99a60fc75d"
    integrity sha512-Z0gOTd75VvXqyq7nsl93zwahcTROgqvuAcYDUr+vOv8uHhNSKROyU961kgtCD1e95IqPKSQKH7tBTslnS3tA8A==
  
  "@esbuild/win32-ia32@0.21.5":
    version "0.21.5"
    resolved "https://registry.yarnpkg.com/@esbuild/win32-ia32/-/win32-ia32-0.21.5.tgz#1bfc3ce98aa6ca9a0969e4d2af72144c59c1193b"
    integrity sha512-SWXFF1CL2RVNMaVs+BBClwtfZSvDgtL//G/smwAc5oVK/UPu2Gu9tIaRgFmYFFKrmg3SyAjSrElf0TiJ1v8fYA==
  
  "@esbuild/win32-x64@0.21.5":
    version "0.21.5"
    resolved "https://registry.yarnpkg.com/@esbuild/win32-x64/-/win32-x64-0.21.5.tgz#acad351d582d157bb145535db2a6ff53dd514b5c"
    integrity sha512-tQd/1efJuzPC6rCFwEvLtci/xNFcTZknmXs98FYDfGE4wP9ClFV98nyKrzJKVPMhdDnjzLhdUyMX4PsQAPjwIw==
  
  "@eslint-community/eslint-utils@^4.2.0", "@eslint-community/eslint-utils@^4.4.0":
    version "4.4.1"
    resolved "https://registry.yarnpkg.com/@eslint-community/eslint-utils/-/eslint-utils-4.4.1.tgz#d1145bf2c20132d6400495d6df4bf59362fd9d56"
    integrity sha512-s3O3waFUrMV8P/XaF/+ZTp1X9XBZW1a4B97ZnjQF2KYWaFD2A8KyFBsrsfSjEmjn3RGWAIuvlneuZm3CUK3jbA==
    dependencies:
      eslint-visitor-keys "^3.4.3"
  
  "@eslint-community/regexpp@^4.10.0", "@eslint-community/regexpp@^4.12.1":
    version "4.12.1"
    resolved "https://registry.yarnpkg.com/@eslint-community/regexpp/-/regexpp-4.12.1.tgz#cfc6cffe39df390a3841cde2abccf92eaa7ae0e0"
    integrity sha512-CCZCDJuduB9OUkFkY2IgppNZMi2lBQgD2qzwXkEia16cge2pijY/aXi96CJMquDMn3nJdlPV1A5KrJEXwfLNzQ==
  
  "@eslint/compat@^1.2.3":
    version "1.2.4"
    resolved "https://registry.yarnpkg.com/@eslint/compat/-/compat-1.2.4.tgz#b69b0d76ce73fe66d7f8633c406acea151f5c559"
    integrity sha512-S8ZdQj/N69YAtuqFt7653jwcvuUj131+6qGLUyDqfDg1OIoBQ66OCuXC473YQfO2AaxITTutiRQiDwoo7ZLYyg==
  
  "@eslint/config-array@^0.19.0":
    version "0.19.1"
    resolved "https://registry.yarnpkg.com/@eslint/config-array/-/config-array-0.19.1.tgz#734aaea2c40be22bbb1f2a9dac687c57a6a4c984"
    integrity sha512-fo6Mtm5mWyKjA/Chy1BYTdn5mGJoDNjC7C64ug20ADsRDGrA85bN3uK3MaKbeRkRuuIEAR5N33Jr1pbm411/PA==
    dependencies:
      "@eslint/object-schema" "^2.1.5"
      debug "^4.3.1"
      minimatch "^3.1.2"
  
  "@eslint/core@^0.9.0":
    version "0.9.1"
    resolved "https://registry.yarnpkg.com/@eslint/core/-/core-0.9.1.tgz#31763847308ef6b7084a4505573ac9402c51f9d1"
    integrity sha512-GuUdqkyyzQI5RMIWkHhvTWLCyLo1jNK3vzkSyaExH5kHPDHcuL2VOpHjmMY+y3+NC69qAKToBqldTBgYeLSr9Q==
    dependencies:
      "@types/json-schema" "^7.0.15"
  
  "@eslint/eslintrc@^3.2.0":
    version "3.2.0"
    resolved "https://registry.yarnpkg.com/@eslint/eslintrc/-/eslintrc-3.2.0.tgz#57470ac4e2e283a6bf76044d63281196e370542c"
    integrity sha512-grOjVNN8P3hjJn/eIETF1wwd12DdnwFDoyceUJLYYdkpbwq3nLi+4fqrTAONx7XDALqlL220wC/RHSC/QTI/0w==
    dependencies:
      ajv "^6.12.4"
      debug "^4.3.2"
      espree "^10.0.1"
      globals "^14.0.0"
      ignore "^5.2.0"
      import-fresh "^3.2.1"
      js-yaml "^4.1.0"
      minimatch "^3.1.2"
      strip-json-comments "^3.1.1"
  
  "@eslint/js@9.17.0":
    version "9.17.0"
    resolved "https://registry.yarnpkg.com/@eslint/js/-/js-9.17.0.tgz#1523e586791f80376a6f8398a3964455ecc651ec"
    integrity sha512-Sxc4hqcs1kTu0iID3kcZDW3JHq2a77HO9P8CP6YEA/FpH3Ll8UXE2r/86Rz9YJLKme39S9vU5OWNjC6Xl0Cr3w==
  
  "@eslint/object-schema@^2.1.5":
    version "2.1.5"
    resolved "https://registry.yarnpkg.com/@eslint/object-schema/-/object-schema-2.1.5.tgz#8670a8f6258a2be5b2c620ff314a1d984c23eb2e"
    integrity sha512-o0bhxnL89h5Bae5T318nFoFzGy+YE5i/gGkoPAgkmTVdRKTiv3p8JHevPiPaMwoloKfEiiaHlawCqaZMqRm+XQ==
  
  "@eslint/plugin-kit@^0.2.3":
    version "0.2.4"
    resolved "https://registry.yarnpkg.com/@eslint/plugin-kit/-/plugin-kit-0.2.4.tgz#2b78e7bb3755784bb13faa8932a1d994d6537792"
    integrity sha512-zSkKow6H5Kdm0ZUQUB2kV5JIXqoG0+uH5YADhaEHswm664N9Db8dXSi0nMJpacpMf+MyyglF1vnZohpEg5yUtg==
    dependencies:
      levn "^0.4.1"
  
  "@humanfs/core@^0.19.1":
    version "0.19.1"
    resolved "https://registry.yarnpkg.com/@humanfs/core/-/core-0.19.1.tgz#17c55ca7d426733fe3c561906b8173c336b40a77"
    integrity sha512-5DyQ4+1JEUzejeK1JGICcideyfUbGixgS9jNgex5nqkW+cY7WZhxBigmieN5Qnw9ZosSNVC9KQKyb+GUaGyKUA==
  
  "@humanfs/node@^0.16.6":
    version "0.16.6"
    resolved "https://registry.yarnpkg.com/@humanfs/node/-/node-0.16.6.tgz#ee2a10eaabd1131987bf0488fd9b820174cd765e"
    integrity sha512-YuI2ZHQL78Q5HbhDiBA1X4LmYdXCKCMQIfw0pw7piHJwyREFebJUvrQN4cMssyES6x+vfUbx1CIpaQUKYdQZOw==
    dependencies:
      "@humanfs/core" "^0.19.1"
      "@humanwhocodes/retry" "^0.3.0"
  
  "@humanwhocodes/module-importer@^1.0.1":
    version "1.0.1"
    resolved "https://registry.yarnpkg.com/@humanwhocodes/module-importer/-/module-importer-1.0.1.tgz#af5b2691a22b44be847b0ca81641c5fb6ad0172c"
    integrity sha512-bxveV4V8v5Yb4ncFTT3rPSgZBOpCkjfK0y4oVVVJwIuDVBRMDXrPyXRL988i5ap9m9bnyEEjWfm5WkBmtffLfA==
  
  "@humanwhocodes/retry@^0.3.0":
    version "0.3.1"
    resolved "https://registry.yarnpkg.com/@humanwhocodes/retry/-/retry-0.3.1.tgz#c72a5c76a9fbaf3488e231b13dc52c0da7bab42a"
    integrity sha512-JBxkERygn7Bv/GbN5Rv8Ul6LVknS+5Bp6RgDC/O8gEBU/yeH5Ui5C/OlWrTb6qct7LjjfT6Re2NxB0ln0yYybA==
  
  "@humanwhocodes/retry@^0.4.1":
    version "0.4.1"
    resolved "https://registry.yarnpkg.com/@humanwhocodes/retry/-/retry-0.4.1.tgz#9a96ce501bc62df46c4031fbd970e3cc6b10f07b"
    integrity sha512-c7hNEllBlenFTHBky65mhq8WD2kbN9Q6gk0bTk8lSBvc554jpXSkST1iePudpt7+A/AQvuHs9EMqjHDXMY1lrA==
  
  "@jridgewell/gen-mapping@^0.3.5":
    version "0.3.8"
    resolved "https://registry.yarnpkg.com/@jridgewell/gen-mapping/-/gen-mapping-0.3.8.tgz#4f0e06362e01362f823d348f1872b08f666d8142"
    integrity sha512-imAbBGkb+ebQyxKgzv5Hu2nmROxoDOXHh80evxdoXNOrvAnVx7zimzc1Oo5h9RlfV4vPXaE2iM5pOFbvOCClWA==
    dependencies:
      "@jridgewell/set-array" "^1.2.1"
      "@jridgewell/sourcemap-codec" "^1.4.10"
      "@jridgewell/trace-mapping" "^0.3.24"
  
  "@jridgewell/resolve-uri@^3.1.0":
    version "3.1.2"
    resolved "https://registry.yarnpkg.com/@jridgewell/resolve-uri/-/resolve-uri-3.1.2.tgz#7a0ee601f60f99a20c7c7c5ff0c80388c1189bd6"
    integrity sha512-bRISgCIjP20/tbWSPWMEi54QVPRZExkuD9lJL+UIxUKtwVJA8wW1Trb1jMs1RFXo1CBTNZ/5hpC9QvmKWdopKw==
  
  "@jridgewell/set-array@^1.2.1":
    version "1.2.1"
    resolved "https://registry.yarnpkg.com/@jridgewell/set-array/-/set-array-1.2.1.tgz#558fb6472ed16a4c850b889530e6b36438c49280"
    integrity sha512-R8gLRTZeyp03ymzP/6Lil/28tGeGEzhx1q2k703KGWRAI1VdvPIXdG70VJc2pAMw3NA6JKL5hhFu1sJX0Mnn/A==
  
  "@jridgewell/sourcemap-codec@^1.4.10", "@jridgewell/sourcemap-codec@^1.4.14", "@jridgewell/sourcemap-codec@^1.4.15", "@jridgewell/sourcemap-codec@^1.5.0":
    version "1.5.0"
    resolved "https://registry.yarnpkg.com/@jridgewell/sourcemap-codec/-/sourcemap-codec-1.5.0.tgz#3188bcb273a414b0d215fd22a58540b989b9409a"
    integrity sha512-gv3ZRaISU3fjPAgNsriBRqGWQL6quFx04YMPW/zD8XMLsU32mhCCbfbO6KZFLjvYpCZ8zyDEgqsgf+PwPaM7GQ==
  
  "@jridgewell/trace-mapping@^0.3.24", "@jridgewell/trace-mapping@^0.3.25":
    version "0.3.25"
    resolved "https://registry.yarnpkg.com/@jridgewell/trace-mapping/-/trace-mapping-0.3.25.tgz#15f190e98895f3fc23276ee14bc76b675c2e50f0"
    integrity sha512-vNk6aEwybGtawWmy/PzwnGDOjCkLWSD2wqvjGGAgOAwCGWySYXfYoxt00IJkTF+8Lb57DwOb3Aa0o9CApepiYQ==
    dependencies:
      "@jridgewell/resolve-uri" "^3.1.0"
      "@jridgewell/sourcemap-codec" "^1.4.14"
  
  "@nodelib/fs.scandir@2.1.5":
    version "2.1.5"
    resolved "https://registry.yarnpkg.com/@nodelib/fs.scandir/-/fs.scandir-2.1.5.tgz#7619c2eb21b25483f6d167548b4cfd5a7488c3d5"
    integrity sha512-vq24Bq3ym5HEQm2NKCr3yXDwjc7vTsEThRDnkp2DK9p1uqLR+DHurm/NOTo0KG7HYHU7eppKZj3MyqYuMBf62g==
    dependencies:
      "@nodelib/fs.stat" "2.0.5"
      run-parallel "^1.1.9"
  
  "@nodelib/fs.stat@2.0.5", "@nodelib/fs.stat@^2.0.2":
    version "2.0.5"
    resolved "https://registry.yarnpkg.com/@nodelib/fs.stat/-/fs.stat-2.0.5.tgz#5bd262af94e9d25bd1e71b05deed44876a222e8b"
    integrity sha512-RkhPPp2zrqDAQA/2jNhnztcPAlv64XdhIp7a7454A5ovI7Bukxgt7MX7udwAu3zg1DcpPU0rz3VV1SeaqvY4+A==
  
  "@nodelib/fs.walk@^1.2.3":
    version "1.2.8"
    resolved "https://registry.yarnpkg.com/@nodelib/fs.walk/-/fs.walk-1.2.8.tgz#e95737e8bb6746ddedf69c556953494f196fe69a"
    integrity sha512-oGB+UxlgWcgQkgwo8GcEGwemoTFt3FIO9ababBmaGwXIoBKZ+GTy0pP185beGg7Llih/NSHSV2XAs1lnznocSg==
    dependencies:
      "@nodelib/fs.scandir" "2.1.5"
      fastq "^1.6.0"
  
  "@polka/url@^1.0.0-next.24":
    version "1.0.0-next.28"
    resolved "https://registry.yarnpkg.com/@polka/url/-/url-1.0.0-next.28.tgz#d45e01c4a56f143ee69c54dd6b12eade9e270a73"
    integrity sha512-8LduaNlMZGwdZ6qWrKlfa+2M4gahzFkprZiAt2TF8uS0qQgBizKXpXURqvTJ4WtmupWxaLqjRb2UCTe72mu+Aw==
  
  "@rollup/rollup-android-arm-eabi@4.29.0":
    version "4.29.0"
    resolved "https://registry.yarnpkg.com/@rollup/rollup-android-arm-eabi/-/rollup-android-arm-eabi-4.29.0.tgz#465773ea545b642fa786358a83fb6a26affb0396"
    integrity sha512-TnF0md3qWSRDlU96y9+0dd5RNrlXiQUp1K2pK1UpNmjeND+o9ts9Jxv3G6ntagkt8jVh0KAT1VYgU0nCz5gt2w==
  
  "@rollup/rollup-android-arm64@4.29.0":
    version "4.29.0"
    resolved "https://registry.yarnpkg.com/@rollup/rollup-android-arm64/-/rollup-android-arm64-4.29.0.tgz#039ab290f7a11a49ec6d5e7cb3031554f3e78372"
    integrity sha512-L/7oX07eY6ACt2NXDrku1JIPdf9VGV/DI92EjAd8FRDzMMub5hXFpT1OegBqimJh9xy9Vv+nToaVtZp4Ku9SEA==
  
  "@rollup/rollup-darwin-arm64@4.29.0":
    version "4.29.0"
    resolved "https://registry.yarnpkg.com/@rollup/rollup-darwin-arm64/-/rollup-darwin-arm64-4.29.0.tgz#35161632b695bfcc70ca2dbbe219e8e13b9627c8"
    integrity sha512-I1ZucWPVS96hjAsMSJiGosHTqMulMynrmTN+Xde5OsLcU5SjE0xylBmQ/DbB2psJ+HasINrJYz8HQpojtAw2eA==
  
  "@rollup/rollup-darwin-x64@4.29.0":
    version "4.29.0"
    resolved "https://registry.yarnpkg.com/@rollup/rollup-darwin-x64/-/rollup-darwin-x64-4.29.0.tgz#6c79524ca9f0ad4ffccd364d652139dc159901cc"
    integrity sha512-CTZ+lHMsTbH1q/XLKzmnJWxl2r/1xdv7cnjwbi5v+95nVA1syikxWLvqur4nDoGDHjC8oNMBGurnQptpuFJHXA==
  
  "@rollup/rollup-freebsd-arm64@4.29.0":
    version "4.29.0"
    resolved "https://registry.yarnpkg.com/@rollup/rollup-freebsd-arm64/-/rollup-freebsd-arm64-4.29.0.tgz#55386ff9e62a98e43c62bb6d79e582516dfcd9dd"
    integrity sha512-BB8+4OMzk2JiKL5+aK8A0pi9DPB5pkIBZWXr19+grdez9b0VKihvV432uSwuZLO0sI6zCyxak8NO3mZ1yjM1jA==
  
  "@rollup/rollup-freebsd-x64@4.29.0":
    version "4.29.0"
    resolved "https://registry.yarnpkg.com/@rollup/rollup-freebsd-x64/-/rollup-freebsd-x64-4.29.0.tgz#4c7085a8e478184c44f3698cd7df072ff3751356"
    integrity sha512-Udz9Uh26uEE6phGMG2++TfpsLK/z4cYJqrIOyVhig/PMoWiZLghpjZUQvsAylsoztbpg0/QmplkDAyyVq0x6Jg==
  
  "@rollup/rollup-linux-arm-gnueabihf@4.29.0":
    version "4.29.0"
    resolved "https://registry.yarnpkg.com/@rollup/rollup-linux-arm-gnueabihf/-/rollup-linux-arm-gnueabihf-4.29.0.tgz#6d6e76da28a91a066bbe8af41e21ba0c61b42afd"
    integrity sha512-IPSCTzP8GRYzY+siSnggIKrckC2U+kVXoen6eSHRDgU9a4EZCHHWWOiKio1EkieOOk2j6EvZaaHfQUCmt8UJBg==
  
  "@rollup/rollup-linux-arm-musleabihf@4.29.0":
    version "4.29.0"
    resolved "https://registry.yarnpkg.com/@rollup/rollup-linux-arm-musleabihf/-/rollup-linux-arm-musleabihf-4.29.0.tgz#46fb4fc9fac23ce430ed9954e001c2b943706370"
    integrity sha512-GvHPu0UIDx+ohyS8vTYnwoSVMM5BH3NO+JwQs6GWNCuQVlC5rKxnH2WClTGu3NxiIfhKLai08IKUwn3QbzX1UQ==
  
  "@rollup/rollup-linux-arm64-gnu@4.29.0":
    version "4.29.0"
    resolved "https://registry.yarnpkg.com/@rollup/rollup-linux-arm64-gnu/-/rollup-linux-arm64-gnu-4.29.0.tgz#bd9c6750fc62c9a27bfd1b0ed443f46330a086a6"
    integrity sha512-Pnnn/2CAZWcH9GQoj1nnr85Ejh7aNDe5MsEV0xhuFNUPF0SdnutJ7b2muOI5Kx12T0/i2ol5B/tlhMviZQDL3g==
  
  "@rollup/rollup-linux-arm64-musl@4.29.0":
    version "4.29.0"
    resolved "https://registry.yarnpkg.com/@rollup/rollup-linux-arm64-musl/-/rollup-linux-arm64-musl-4.29.0.tgz#9b64d8b8678fd1c409ddc22035719fc51376ac3d"
    integrity sha512-AP+DLj4q9FT22ZL43ssA3gizEn7/MfJcZ1BOuyEPqoriuH3a8VRuDddN0MtpUwEtiZL6jc1GY5/eL99hkloQ1Q==
  
  "@rollup/rollup-linux-loongarch64-gnu@4.29.0":
    version "4.29.0"
    resolved "https://registry.yarnpkg.com/@rollup/rollup-linux-loongarch64-gnu/-/rollup-linux-loongarch64-gnu-4.29.0.tgz#cfc1d1ce10f5d709364ad2f33ba57fbfb06e9a0a"
    integrity sha512-1+jPFClHmDATqbk0Cwi74KEOymVcs09Vbqe/CTKqLwCP0TeP2CACfnMnjYBs5CJgO20e/4bxFtmbR/9fKE1gug==
  
  "@rollup/rollup-linux-powerpc64le-gnu@4.29.0":
    version "4.29.0"
    resolved "https://registry.yarnpkg.com/@rollup/rollup-linux-powerpc64le-gnu/-/rollup-linux-powerpc64le-gnu-4.29.0.tgz#b405bcc1d19247fa20c896f89f7e0255f959adae"
    integrity sha512-Nmt5Us5w2dL8eh7QVyAIDVVwBv4wk8ljrBQe7lWkLaOcwABDaFQ3K4sAAC6IsOdJwaXXW+d85zVaMN+Xl8Co2w==
  
  "@rollup/rollup-linux-riscv64-gnu@4.29.0":
    version "4.29.0"
    resolved "https://registry.yarnpkg.com/@rollup/rollup-linux-riscv64-gnu/-/rollup-linux-riscv64-gnu-4.29.0.tgz#47ee954365e37dc9fda91b101aa4a29f20ee3b13"
    integrity sha512-KGuQ8WGhnq09LR7eOru7P9jfBSYXTMhq6TyavWfmEo+TxvkvuRwOCee5lPIa6HYjblOuFr4GeOxSE0c8iyw2Fg==
  
  "@rollup/rollup-linux-s390x-gnu@4.29.0":
    version "4.29.0"
    resolved "https://registry.yarnpkg.com/@rollup/rollup-linux-s390x-gnu/-/rollup-linux-s390x-gnu-4.29.0.tgz#d998c75636cfd419d87ad13bbd775a80a6059f5f"
    integrity sha512-lSQtvrYIONme7a4gbf4O9d3zbZat3/5covIeoqk27ZIkTgBeL/67x+wq2bZfpLjkqQQp5SjBPQ/n0sg8iArzTg==
  
  "@rollup/rollup-linux-x64-gnu@4.29.0":
    version "4.29.0"
    resolved "https://registry.yarnpkg.com/@rollup/rollup-linux-x64-gnu/-/rollup-linux-x64-gnu-4.29.0.tgz#bff4d366993747af0a17a6488bb295885e32275f"
    integrity sha512-qh0ussrXBwnF4L07M9t1+jpHRhiGSae+wpNQDbmlXHXciT7pqpZ5zpk4dyGZPtDGB2l2clDiufE16BufXPGRWQ==
  
  "@rollup/rollup-linux-x64-musl@4.29.0":
    version "4.29.0"
    resolved "https://registry.yarnpkg.com/@rollup/rollup-linux-x64-musl/-/rollup-linux-x64-musl-4.29.0.tgz#4399c9230817e44638cf16dbe0f1d9ac7b02b9a0"
    integrity sha512-YEABzSaRS7+v14yw6MVBZoMqLoUyTX1/sJoGeC0euvgMrzvw0i+jHo4keDZgYeOblfwdseVAf6ylxWSvcBAKTA==
  
  "@rollup/rollup-win32-arm64-msvc@4.29.0":
    version "4.29.0"
    resolved "https://registry.yarnpkg.com/@rollup/rollup-win32-arm64-msvc/-/rollup-win32-arm64-msvc-4.29.0.tgz#d7b388fc20d421db007e3078b934f3a40d8c75c5"
    integrity sha512-jA4+oxG7QTTtSQxwSHzFVwShcppHO2DpkbAM59pfD5WMG/da79yQaeBtXAfGTI+ciUx8hqK3RF3H2KWByITXtQ==
  
  "@rollup/rollup-win32-ia32-msvc@4.29.0":
    version "4.29.0"
    resolved "https://registry.yarnpkg.com/@rollup/rollup-win32-ia32-msvc/-/rollup-win32-ia32-msvc-4.29.0.tgz#44f326ccac35b71a34060dc8df81114bce4c22bb"
    integrity sha512-4TQbLoAQVu9uE+cvh47JnjRZylXVdRCoOkRSVF2Rr2T0U1YwphGRjR0sHyRPEt95y3ETT4YFTTzQPq1O4bcjmw==
  
  "@rollup/rollup-win32-x64-msvc@4.29.0":
    version "4.29.0"
    resolved "https://registry.yarnpkg.com/@rollup/rollup-win32-x64-msvc/-/rollup-win32-x64-msvc-4.29.0.tgz#1a26eaed53130817e48efca7d1806150e16d2448"
    integrity sha512-GsFvcTZ7Yj9k94Qm0qgav7pxmQ7lQDR9NjoelRaxeV1UF6JSDfanR/2tHZ8hS7Ps4KPIVf5AElYPRPmN/Q0ZkQ==
  
  "@sveltejs/adapter-auto@^3.0.0":
    version "3.3.1"
    resolved "https://registry.yarnpkg.com/@sveltejs/adapter-auto/-/adapter-auto-3.3.1.tgz#57a3d9c402bea468f0899755758551e7e74deaae"
    integrity sha512-5Sc7WAxYdL6q9j/+D0jJKjGREGlfIevDyHSQ2eNETHcB1TKlQWHcAo8AS8H1QdjNvSXpvOwNjykDUHPEAyGgdQ==
    dependencies:
      import-meta-resolve "^4.1.0"
  
  "@sveltejs/kit@^2.0.0":
    version "2.13.0"
    resolved "https://registry.yarnpkg.com/@sveltejs/kit/-/kit-2.13.0.tgz#46cf8fe302f059242363f09268702069387cfd58"
    integrity sha512-6t6ne00vZx/TjD6s0Jvwt8wRLKBwbSAN1nhlOzcLUSTYX1hTp4eCBaTPB5Yz/lu+tYcvz4YPEEuPv3yfsNp2gw==
    dependencies:
      "@types/cookie" "^0.6.0"
      cookie "^0.6.0"
      devalue "^5.1.0"
      esm-env "^1.2.1"
      import-meta-resolve "^4.1.0"
      kleur "^4.1.5"
      magic-string "^0.30.5"
      mrmime "^2.0.0"
      sade "^1.8.1"
      set-cookie-parser "^2.6.0"
      sirv "^3.0.0"
      tiny-glob "^0.2.9"
  
  "@sveltejs/vite-plugin-svelte-inspector@^3.0.0-next.0||^3.0.0":
    version "3.0.1"
    resolved "https://registry.yarnpkg.com/@sveltejs/vite-plugin-svelte-inspector/-/vite-plugin-svelte-inspector-3.0.1.tgz#006bcab6ea90e09c65459133d4e3eaa6b1e83e28"
    integrity sha512-2CKypmj1sM4GE7HjllT7UKmo4Q6L5xFRd7VMGEWhYnZ+wc6AUVU01IBd7yUi6WnFndEwWoMNOd6e8UjoN0nbvQ==
    dependencies:
      debug "^4.3.7"
  
  "@sveltejs/vite-plugin-svelte@^4.0.0":
    version "4.0.4"
    resolved "https://registry.yarnpkg.com/@sveltejs/vite-plugin-svelte/-/vite-plugin-svelte-4.0.4.tgz#79dfc00377f5456f4c3d95f56817d6486cc0df6c"
    integrity sha512-0ba1RQ/PHen5FGpdSrW7Y3fAMQjrXantECALeOiOdBdzR5+5vPP6HVZRLmZaQL+W8m++o+haIAKq5qT+MiZ7VA==
    dependencies:
      "@sveltejs/vite-plugin-svelte-inspector" "^3.0.0-next.0||^3.0.0"
      debug "^4.3.7"
      deepmerge "^4.3.1"
      kleur "^4.1.5"
      magic-string "^0.30.12"
      vitefu "^1.0.3"
  
  "@types/cookie@^0.6.0":
    version "0.6.0"
    resolved "https://registry.yarnpkg.com/@types/cookie/-/cookie-0.6.0.tgz#eac397f28bf1d6ae0ae081363eca2f425bedf0d5"
    integrity sha512-4Kh9a6B2bQciAhf7FSuMRRkUWecJgJu9nPnx3yzpsfXX/c50REIqpHY4C82bXP90qrLtXtkDxTZosYO3UpOwlA==
  
  "@types/estree@1.0.6", "@types/estree@^1.0.5", "@types/estree@^1.0.6":
    version "1.0.6"
    resolved "https://registry.yarnpkg.com/@types/estree/-/estree-1.0.6.tgz#628effeeae2064a1b4e79f78e81d87b7e5fc7b50"
    integrity sha512-AYnb1nQyY49te+VRAVgmzfcgjYS91mY5P0TKUDCLEM+gNnA+3T6rWITXRLYCpahpqSQbN5cE+gHpnPyXjHWxcw==
  
  "@types/json-schema@^7.0.15":
    version "7.0.15"
    resolved "https://registry.yarnpkg.com/@types/json-schema/-/json-schema-7.0.15.tgz#596a1747233694d50f6ad8a7869fcb6f56cf5841"
    integrity sha512-5+fP8P8MFNC+AyZCDxrB2pkZFPGzqQWUzpSeuuVLvm8VMcorNYavBqoFcxK8bQz4Qsbn4oUEEem4wDLfcysGHA==
  
  "@typescript-eslint/eslint-plugin@8.18.1":
    version "8.18.1"
    resolved "https://registry.yarnpkg.com/@typescript-eslint/eslint-plugin/-/eslint-plugin-8.18.1.tgz#992e5ac1553ce20d0d46aa6eccd79dc36dedc805"
    integrity sha512-Ncvsq5CT3Gvh+uJG0Lwlho6suwDfUXH0HztslDf5I+F2wAFAZMRwYLEorumpKLzmO2suAXZ/td1tBg4NZIi9CQ==
    dependencies:
      "@eslint-community/regexpp" "^4.10.0"
      "@typescript-eslint/scope-manager" "8.18.1"
      "@typescript-eslint/type-utils" "8.18.1"
      "@typescript-eslint/utils" "8.18.1"
      "@typescript-eslint/visitor-keys" "8.18.1"
      graphemer "^1.4.0"
      ignore "^5.3.1"
      natural-compare "^1.4.0"
      ts-api-utils "^1.3.0"
  
  "@typescript-eslint/parser@8.18.1":
    version "8.18.1"
    resolved "https://registry.yarnpkg.com/@typescript-eslint/parser/-/parser-8.18.1.tgz#c258bae062778b7696793bc492249027a39dfb95"
    integrity sha512-rBnTWHCdbYM2lh7hjyXqxk70wvon3p2FyaniZuey5TrcGBpfhVp0OxOa6gxr9Q9YhZFKyfbEnxc24ZnVbbUkCA==
    dependencies:
      "@typescript-eslint/scope-manager" "8.18.1"
      "@typescript-eslint/types" "8.18.1"
      "@typescript-eslint/typescript-estree" "8.18.1"
      "@typescript-eslint/visitor-keys" "8.18.1"
      debug "^4.3.4"
  
  "@typescript-eslint/scope-manager@8.18.1":
    version "8.18.1"
    resolved "https://registry.yarnpkg.com/@typescript-eslint/scope-manager/-/scope-manager-8.18.1.tgz#52cedc3a8178d7464a70beffed3203678648e55b"
    integrity sha512-HxfHo2b090M5s2+/9Z3gkBhI6xBH8OJCFjH9MhQ+nnoZqxU3wNxkLT+VWXWSFWc3UF3Z+CfPAyqdCTdoXtDPCQ==
    dependencies:
      "@typescript-eslint/types" "8.18.1"
      "@typescript-eslint/visitor-keys" "8.18.1"
  
  "@typescript-eslint/type-utils@8.18.1":
    version "8.18.1"
    resolved "https://registry.yarnpkg.com/@typescript-eslint/type-utils/-/type-utils-8.18.1.tgz#10f41285475c0bdee452b79ff7223f0e43a7781e"
    integrity sha512-jAhTdK/Qx2NJPNOTxXpMwlOiSymtR2j283TtPqXkKBdH8OAMmhiUfP0kJjc/qSE51Xrq02Gj9NY7MwK+UxVwHQ==
    dependencies:
      "@typescript-eslint/typescript-estree" "8.18.1"
      "@typescript-eslint/utils" "8.18.1"
      debug "^4.3.4"
      ts-api-utils "^1.3.0"
  
  "@typescript-eslint/types@8.18.1":
    version "8.18.1"
    resolved "https://registry.yarnpkg.com/@typescript-eslint/types/-/types-8.18.1.tgz#d7f4f94d0bba9ebd088de840266fcd45408a8fff"
    integrity sha512-7uoAUsCj66qdNQNpH2G8MyTFlgerum8ubf21s3TSM3XmKXuIn+H2Sifh/ES2nPOPiYSRJWAk0fDkW0APBWcpfw==
  
  "@typescript-eslint/typescript-estree@8.18.1":
    version "8.18.1"
    resolved "https://registry.yarnpkg.com/@typescript-eslint/typescript-estree/-/typescript-estree-8.18.1.tgz#2a86cd64b211a742f78dfa7e6f4860413475367e"
    integrity sha512-z8U21WI5txzl2XYOW7i9hJhxoKKNG1kcU4RzyNvKrdZDmbjkmLBo8bgeiOJmA06kizLI76/CCBAAGlTlEeUfyg==
    dependencies:
      "@typescript-eslint/types" "8.18.1"
      "@typescript-eslint/visitor-keys" "8.18.1"
      debug "^4.3.4"
      fast-glob "^3.3.2"
      is-glob "^4.0.3"
      minimatch "^9.0.4"
      semver "^7.6.0"
      ts-api-utils "^1.3.0"
  
  "@typescript-eslint/utils@8.18.1":
    version "8.18.1"
    resolved "https://registry.yarnpkg.com/@typescript-eslint/utils/-/utils-8.18.1.tgz#c4199ea23fc823c736e2c96fd07b1f7235fa92d5"
    integrity sha512-8vikiIj2ebrC4WRdcAdDcmnu9Q/MXXwg+STf40BVfT8exDqBCUPdypvzcUPxEqRGKg9ALagZ0UWcYCtn+4W2iQ==
    dependencies:
      "@eslint-community/eslint-utils" "^4.4.0"
      "@typescript-eslint/scope-manager" "8.18.1"
      "@typescript-eslint/types" "8.18.1"
      "@typescript-eslint/typescript-estree" "8.18.1"
  
  "@typescript-eslint/visitor-keys@8.18.1":
    version "8.18.1"
    resolved "https://registry.yarnpkg.com/@typescript-eslint/visitor-keys/-/visitor-keys-8.18.1.tgz#344b4f6bc83f104f514676facf3129260df7610a"
    integrity sha512-Vj0WLm5/ZsD013YeUKn+K0y8p1M0jPpxOkKdbD1wB0ns53a5piVY02zjf072TblEweAbcYiFiPoSMF3kp+VhhQ==
    dependencies:
      "@typescript-eslint/types" "8.18.1"
      eslint-visitor-keys "^4.2.0"
  
  acorn-jsx@^5.3.2:
    version "5.3.2"
    resolved "https://registry.yarnpkg.com/acorn-jsx/-/acorn-jsx-5.3.2.tgz#7ed5bb55908b3b2f1bc55c6af1653bada7f07937"
    integrity sha512-rq9s+JNhf0IChjtDXxllJ7g41oZk5SlXtp0LHwyA5cejwn7vKmKp4pPri6YEePv2PU65sAsegbXtIinmDFDXgQ==
  
  acorn-typescript@^1.4.13:
    version "1.4.13"
    resolved "https://registry.yarnpkg.com/acorn-typescript/-/acorn-typescript-1.4.13.tgz#5f851c8bdda0aa716ffdd5f6ac084df8acc6f5ea"
    integrity sha512-xsc9Xv0xlVfwp2o7sQ+GCQ1PgbkdcpWdTzrwXxO3xDMTAywVS3oXVOcOHuRjAPkS4P9b+yc/qNF15460v+jp4Q==
  
  acorn@^8.12.1, acorn@^8.14.0, acorn@^8.9.0:
    version "8.14.0"
    resolved "https://registry.yarnpkg.com/acorn/-/acorn-8.14.0.tgz#063e2c70cac5fb4f6467f0b11152e04c682795b0"
    integrity sha512-cl669nCJTZBsL97OF4kUQm5g5hC2uihk0NxY3WENAC0TYdILVkAyHymAntgxGkl7K+t0cXIrH5siy5S4XkFycA==
  
  ajv@^6.12.4:
    version "6.12.6"
    resolved "https://registry.yarnpkg.com/ajv/-/ajv-6.12.6.tgz#baf5a62e802b07d977034586f8c3baf5adf26df4"
    integrity sha512-j3fVLgvTo527anyYyJOGTYJbG+vnnQYvE0m5mmkc1TK+nxAppkCLMIL0aZ4dblVCNoGShhm+kzE4ZUykBoMg4g==
    dependencies:
      fast-deep-equal "^3.1.1"
      fast-json-stable-stringify "^2.0.0"
      json-schema-traverse "^0.4.1"
      uri-js "^4.2.2"
  
  ansi-styles@^4.1.0:
    version "4.3.0"
    resolved "https://registry.yarnpkg.com/ansi-styles/-/ansi-styles-4.3.0.tgz#edd803628ae71c04c85ae7a0906edad34b648937"
    integrity sha512-zbB9rCJAT1rbjiVDb2hqKFHNYLxgtk8NURxZ3IZwD3F6NtxbXZQCnnSi1Lkx+IDohdPlFp222wVALIheZJQSEg==
    dependencies:
      color-convert "^2.0.1"
  
  argparse@^2.0.1:
    version "2.0.1"
    resolved "https://registry.yarnpkg.com/argparse/-/argparse-2.0.1.tgz#246f50f3ca78a3240f6c997e8a9bd1eac49e4b38"
    integrity sha512-8+9WqebbFzpX9OR+Wa6O29asIogeRMzcGtAINdpMHHyAg10f05aSFVBbcEqGf/PXw1EjAZ+q2/bEBg3DvurK3Q==
  
  aria-query@^5.3.1:
    version "5.3.2"
    resolved "https://registry.yarnpkg.com/aria-query/-/aria-query-5.3.2.tgz#93f81a43480e33a338f19163a3d10a50c01dcd59"
    integrity sha512-COROpnaoap1E2F000S62r6A60uHZnmlvomhfyT2DlTcrY1OrBKn2UhH7qn5wTC9zMvD0AY7csdPSNwKP+7WiQw==
  
  axobject-query@^4.1.0:
    version "4.1.0"
    resolved "https://registry.yarnpkg.com/axobject-query/-/axobject-query-4.1.0.tgz#28768c76d0e3cff21bc62a9e2d0b6ac30042a1ee"
    integrity sha512-qIj0G9wZbMGNLjLmg1PT6v2mE9AH2zlnADJD/2tC6E00hgmhUOfEB6greHPAfLRSufHqROIUTkw6E+M3lH0PTQ==
  
  balanced-match@^1.0.0:
    version "1.0.2"
    resolved "https://registry.yarnpkg.com/balanced-match/-/balanced-match-1.0.2.tgz#e83e3a7e3f300b34cb9d87f615fa0cbf357690ee"
    integrity sha512-3oSeUO0TMV67hN1AmbXsK4yaqU7tjiHlbxRDZOpH0KW9+CeX4bRAaX0Anxt0tx2MrpRpWwQaPwIlISEJhYU5Pw==
  
  brace-expansion@^1.1.7:
    version "1.1.11"
    resolved "https://registry.yarnpkg.com/brace-expansion/-/brace-expansion-1.1.11.tgz#3c7fcbf529d87226f3d2f52b966ff5271eb441dd"
    integrity sha512-iCuPHDFgrHX7H2vEI/5xpz07zSHB00TpugqhmYtVmMO6518mCuRMoOYFldEBl0g187ufozdaHgWKcYFb61qGiA==
    dependencies:
      balanced-match "^1.0.0"
      concat-map "0.0.1"
  
  brace-expansion@^2.0.1:
    version "2.0.1"
    resolved "https://registry.yarnpkg.com/brace-expansion/-/brace-expansion-2.0.1.tgz#1edc459e0f0c548486ecf9fc99f2221364b9a0ae"
    integrity sha512-XnAIvQ8eM+kC6aULx6wuQiwVsnzsi9d3WxzV3FpWTGA19F621kwdbsAcFKXgKUHZWsy+mY6iL1sHTxWEFCytDA==
    dependencies:
      balanced-match "^1.0.0"
  
  braces@^3.0.3:
    version "3.0.3"
    resolved "https://registry.yarnpkg.com/braces/-/braces-3.0.3.tgz#490332f40919452272d55a8480adc0c441358789"
    integrity sha512-yQbXgO/OSZVD2IsiLlro+7Hf6Q18EJrKSEsdoMzKePKXct3gvD8oLcOQdIzGupr5Fj+EDe8gO/lxc1BzfMpxvA==
    dependencies:
      fill-range "^7.1.1"
  
  buffer-builder@^0.2.0:
    version "0.2.0"
    resolved "https://registry.yarnpkg.com/buffer-builder/-/buffer-builder-0.2.0.tgz#3322cd307d8296dab1f604618593b261a3fade8f"
    integrity sha512-7VPMEPuYznPSoR21NE1zvd2Xna6c/CloiZCfcMXR1Jny6PjX0N4Nsa38zcBFo/FMK+BlA+FLKbJCQ0i2yxp+Xg==
  
  callsites@^3.0.0:
    version "3.1.0"
    resolved "https://registry.yarnpkg.com/callsites/-/callsites-3.1.0.tgz#b3630abd8943432f54b3f0519238e33cd7df2f73"
    integrity sha512-P8BjAsXvZS+VIDUI11hHCQEv74YT67YUi5JJFNWIqL235sBmjX4+qx9Muvls5ivyNENctx46xQLQ3aTuE7ssaQ==
  
  chalk@^4.0.0:
    version "4.1.2"
    resolved "https://registry.yarnpkg.com/chalk/-/chalk-4.1.2.tgz#aac4e2b7734a740867aeb16bf02aad556a1e7a01"
    integrity sha512-oKnbhFyRIXpUuez8iBMmyEa4nbj4IOQyuhc/wy9kY7/WVPcwIO9VA668Pu8RkO7+0G76SLROeyw9CpQ061i4mA==
    dependencies:
      ansi-styles "^4.1.0"
      supports-color "^7.1.0"
  
  chokidar@^4.0.1:
    version "4.0.3"
    resolved "https://registry.yarnpkg.com/chokidar/-/chokidar-4.0.3.tgz#7be37a4c03c9aee1ecfe862a4a23b2c70c205d30"
    integrity sha512-Qgzu8kfBvo+cA4962jnP1KkS6Dop5NS6g7R5LFYJr4b8Ub94PPQXUksCw9PvXoeXPRRddRNC5C1JQUR2SMGtnA==
    dependencies:
      readdirp "^4.0.1"
  
  color-convert@^2.0.1:
    version "2.0.1"
    resolved "https://registry.yarnpkg.com/color-convert/-/color-convert-2.0.1.tgz#72d3a68d598c9bdb3af2ad1e84f21d896abd4de3"
    integrity sha512-RRECPsj7iu/xb5oKYcsFHSppFNnsj/52OVTRKb4zP5onXwVF3zVmmToNcOfGC+CRDpfK/U584fMg38ZHCaElKQ==
    dependencies:
      color-name "~1.1.4"
  
  color-name@~1.1.4:
    version "1.1.4"
    resolved "https://registry.yarnpkg.com/color-name/-/color-name-1.1.4.tgz#c2a09a87acbde69543de6f63fa3995c826c536a2"
    integrity sha512-dOy+3AuW3a2wNbZHIuMZpTcgjGuLU/uBL/ubcZF9OXbDo8ff4O8yVp5Bf0efS8uEoYo5q4Fx7dY9OgQGXgAsQA==
  
  colorjs.io@^0.5.0:
    version "0.5.2"
    resolved "https://registry.yarnpkg.com/colorjs.io/-/colorjs.io-0.5.2.tgz#63b20139b007591ebc3359932bef84628eb3fcef"
    integrity sha512-twmVoizEW7ylZSN32OgKdXRmo1qg+wT5/6C3xu5b9QsWzSFAhHLn2xd8ro0diCsKfCj1RdaTP/nrcW+vAoQPIw==
  
  concat-map@0.0.1:
    version "0.0.1"
    resolved "https://registry.yarnpkg.com/concat-map/-/concat-map-0.0.1.tgz#d8a96bd77fd68df7793a73036a3ba0d5405d477b"
    integrity sha512-/Srv4dswyQNBfohGpz9o6Yb3Gz3SrUDqBH5rTuhGR7ahtlbYKnVxw2bCFMRljaA7EXHaXZ8wsHdodFvbkhKmqg==
  
  cookie@^0.6.0:
    version "0.6.0"
    resolved "https://registry.yarnpkg.com/cookie/-/cookie-0.6.0.tgz#2798b04b071b0ecbff0dbb62a505a8efa4e19051"
    integrity sha512-U71cyTamuh1CRNCfpGY6to28lxvNwPG4Guz/EVjgf3Jmzv0vlDp1atT9eS5dDjMYHucpHbWns6Lwf3BKz6svdw==
  
  cross-spawn@^7.0.6:
    version "7.0.6"
    resolved "https://registry.yarnpkg.com/cross-spawn/-/cross-spawn-7.0.6.tgz#8a58fe78f00dcd70c370451759dfbfaf03e8ee9f"
    integrity sha512-uV2QOWP2nWzsy2aMp8aRibhi9dlzF5Hgh5SHaB9OiTGEyDTiJJyx0uy51QXdyWbtAHNua4XJzUKca3OzKUd3vA==
    dependencies:
      path-key "^3.1.0"
      shebang-command "^2.0.0"
      which "^2.0.1"
  
  cssesc@^3.0.0:
    version "3.0.0"
    resolved "https://registry.yarnpkg.com/cssesc/-/cssesc-3.0.0.tgz#37741919903b868565e1c09ea747445cd18983ee"
    integrity sha512-/Tb/JcjK111nNScGob5MNtsntNM1aCNUDipB/TkwZFhyDrrE47SOx/18wF2bbjgc3ZzCSKW1T5nt5EbFoAz/Vg==
  
  debug@^4.3.1, debug@^4.3.2, debug@^4.3.4, debug@^4.3.7:
    version "4.4.0"
    resolved "https://registry.yarnpkg.com/debug/-/debug-4.4.0.tgz#2b3f2aea2ffeb776477460267377dc8710faba8a"
    integrity sha512-6WTZ/IxCY/T6BALoZHaE4ctp9xm+Z5kY/pzYaCHRFeyVhojxlrm+46y68HA6hr0TcwEssoxNiDEUJQjfPZ/RYA==
    dependencies:
      ms "^2.1.3"
  
  deep-is@^0.1.3:
    version "0.1.4"
    resolved "https://registry.yarnpkg.com/deep-is/-/deep-is-0.1.4.tgz#a6f2dce612fadd2ef1f519b73551f17e85199831"
    integrity sha512-oIPzksmTg4/MriiaYGO+okXDT7ztn/w3Eptv/+gSIdMdKsJo0u4CfYNFJPy+4SKMuCqGw2wxnA+URMg3t8a/bQ==
  
  deepmerge@^4.3.1:
    version "4.3.1"
    resolved "https://registry.yarnpkg.com/deepmerge/-/deepmerge-4.3.1.tgz#44b5f2147cd3b00d4b56137685966f26fd25dd4a"
    integrity sha512-3sUqbMEc77XqpdNO7FRyRog+eW3ph+GYCbj+rK+uYyRMuwsVy0rMiVtPn+QJlKFvWP/1PYpapqYn0Me2knFn+A==
  
  devalue@^5.1.0:
    version "5.1.1"
    resolved "https://registry.yarnpkg.com/devalue/-/devalue-5.1.1.tgz#a71887ac0f354652851752654e4bd435a53891ae"
    integrity sha512-maua5KUiapvEwiEAe+XnlZ3Rh0GD+qI1J/nb9vrJc3muPXvcF/8gXYTWF76+5DAqHyDUtOIImEuo0YKE9mshVw==
  
  diacritics@1.3.0:
    version "1.3.0"
    resolved "https://registry.yarnpkg.com/diacritics/-/diacritics-1.3.0.tgz#3efa87323ebb863e6696cebb0082d48ff3d6f7a1"
    integrity sha512-wlwEkqcsaxvPJML+rDh/2iS824jbREk6DUMUKkEaSlxdYHeS43cClJtsWglvw2RfeXGm6ohKDqsXteJ5sP5enA==
  
  esbuild@^0.21.3:
    version "0.21.5"
    resolved "https://registry.yarnpkg.com/esbuild/-/esbuild-0.21.5.tgz#9ca301b120922959b766360d8ac830da0d02997d"
    integrity sha512-mg3OPMV4hXywwpoDxu3Qda5xCKQi+vCTZq8S9J/EpkhB2HzKXq4SNFZE3+NK93JYxc8VMSep+lOUSC/RVKaBqw==
    optionalDependencies:
      "@esbuild/aix-ppc64" "0.21.5"
      "@esbuild/android-arm" "0.21.5"
      "@esbuild/android-arm64" "0.21.5"
      "@esbuild/android-x64" "0.21.5"
      "@esbuild/darwin-arm64" "0.21.5"
      "@esbuild/darwin-x64" "0.21.5"
      "@esbuild/freebsd-arm64" "0.21.5"
      "@esbuild/freebsd-x64" "0.21.5"
      "@esbuild/linux-arm" "0.21.5"
      "@esbuild/linux-arm64" "0.21.5"
      "@esbuild/linux-ia32" "0.21.5"
      "@esbuild/linux-loong64" "0.21.5"
      "@esbuild/linux-mips64el" "0.21.5"
      "@esbuild/linux-ppc64" "0.21.5"
      "@esbuild/linux-riscv64" "0.21.5"
      "@esbuild/linux-s390x" "0.21.5"
      "@esbuild/linux-x64" "0.21.5"
      "@esbuild/netbsd-x64" "0.21.5"
      "@esbuild/openbsd-x64" "0.21.5"
      "@esbuild/sunos-x64" "0.21.5"
      "@esbuild/win32-arm64" "0.21.5"
      "@esbuild/win32-ia32" "0.21.5"
      "@esbuild/win32-x64" "0.21.5"
  
  escape-string-regexp@^4.0.0:
    version "4.0.0"
    resolved "https://registry.yarnpkg.com/escape-string-regexp/-/escape-string-regexp-4.0.0.tgz#14ba83a5d373e3d311e5afca29cf5bfad965bf34"
    integrity sha512-TtpcNJ3XAzx3Gq8sWRzJaVajRs0uVxA2YAkdb1jm2YkPz4G6egUFAyA3n5vtEIZefPk5Wa4UXbKuS5fKkJWdgA==
  
  eslint-compat-utils@^0.5.1:
    version "0.5.1"
    resolved "https://registry.yarnpkg.com/eslint-compat-utils/-/eslint-compat-utils-0.5.1.tgz#7fc92b776d185a70c4070d03fd26fde3d59652e4"
    integrity sha512-3z3vFexKIEnjHE3zCMRo6fn/e44U7T1khUjg+Hp0ZQMCigh28rALD0nPFBcGZuiLC5rLZa2ubQHDRln09JfU2Q==
    dependencies:
      semver "^7.5.4"
  
  eslint-config-prettier@^9.1.0:
    version "9.1.0"
    resolved "https://registry.yarnpkg.com/eslint-config-prettier/-/eslint-config-prettier-9.1.0.tgz#31af3d94578645966c082fcb71a5846d3c94867f"
    integrity sha512-NSWl5BFQWEPi1j4TjVNItzYV7dZXZ+wP6I6ZhrBGpChQhZRUaElihE9uRRkcbRnNb76UMKDF3r+WTmNcGPKsqw==
  
  eslint-plugin-svelte@^2.36.0:
    version "2.46.1"
    resolved "https://registry.yarnpkg.com/eslint-plugin-svelte/-/eslint-plugin-svelte-2.46.1.tgz#22691c8685420cd4eabf0cbaa31a0cfb8395595b"
    integrity sha512-7xYr2o4NID/f9OEYMqxsEQsCsj4KaMy4q5sANaKkAb6/QeCjYFxRmDm2S3YC3A3pl1kyPZ/syOx/i7LcWYSbIw==
    dependencies:
      "@eslint-community/eslint-utils" "^4.4.0"
      "@jridgewell/sourcemap-codec" "^1.4.15"
      eslint-compat-utils "^0.5.1"
      esutils "^2.0.3"
      known-css-properties "^0.35.0"
      postcss "^8.4.38"
      postcss-load-config "^3.1.4"
      postcss-safe-parser "^6.0.0"
      postcss-selector-parser "^6.1.0"
      semver "^7.6.2"
      svelte-eslint-parser "^0.43.0"
  
  eslint-scope@^7.2.2:
    version "7.2.2"
    resolved "https://registry.yarnpkg.com/eslint-scope/-/eslint-scope-7.2.2.tgz#deb4f92563390f32006894af62a22dba1c46423f"
    integrity sha512-dOt21O7lTMhDM+X9mB4GX+DZrZtCUJPL/wlcTqxyrx5IvO0IYtILdtrQGQp+8n5S0gwSVmOf9NQrjMOgfQZlIg==
    dependencies:
      esrecurse "^4.3.0"
      estraverse "^5.2.0"
  
  eslint-scope@^8.2.0:
    version "8.2.0"
    resolved "https://registry.yarnpkg.com/eslint-scope/-/eslint-scope-8.2.0.tgz#377aa6f1cb5dc7592cfd0b7f892fd0cf352ce442"
    integrity sha512-PHlWUfG6lvPc3yvP5A4PNyBL1W8fkDUccmI21JUu/+GKZBoH/W5u6usENXUrWFRsyoW5ACUjFGgAFQp5gUlb/A==
    dependencies:
      esrecurse "^4.3.0"
      estraverse "^5.2.0"
  
  eslint-visitor-keys@^3.4.1, eslint-visitor-keys@^3.4.3:
    version "3.4.3"
    resolved "https://registry.yarnpkg.com/eslint-visitor-keys/-/eslint-visitor-keys-3.4.3.tgz#0cd72fe8550e3c2eae156a96a4dddcd1c8ac5800"
    integrity sha512-wpc+LXeiyiisxPlEkUzU6svyS1frIO3Mgxj1fdy7Pm8Ygzguax2N3Fa/D/ag1WqbOprdI+uY6wMUl8/a2G+iag==
  
  eslint-visitor-keys@^4.2.0:
    version "4.2.0"
    resolved "https://registry.yarnpkg.com/eslint-visitor-keys/-/eslint-visitor-keys-4.2.0.tgz#687bacb2af884fcdda8a6e7d65c606f46a14cd45"
    integrity sha512-UyLnSehNt62FFhSwjZlHmeokpRK59rcz29j+F1/aDgbkbRTk7wIc9XzdoasMUbRNKDM0qQt/+BJ4BrpFeABemw==
  
  eslint@^9.7.0:
    version "9.17.0"
    resolved "https://registry.yarnpkg.com/eslint/-/eslint-9.17.0.tgz#faa1facb5dd042172fdc520106984b5c2421bb0c"
    integrity sha512-evtlNcpJg+cZLcnVKwsai8fExnqjGPicK7gnUtlNuzu+Fv9bI0aLpND5T44VLQtoMEnI57LoXO9XAkIXwohKrA==
    dependencies:
      "@eslint-community/eslint-utils" "^4.2.0"
      "@eslint-community/regexpp" "^4.12.1"
      "@eslint/config-array" "^0.19.0"
      "@eslint/core" "^0.9.0"
      "@eslint/eslintrc" "^3.2.0"
      "@eslint/js" "9.17.0"
      "@eslint/plugin-kit" "^0.2.3"
      "@humanfs/node" "^0.16.6"
      "@humanwhocodes/module-importer" "^1.0.1"
      "@humanwhocodes/retry" "^0.4.1"
      "@types/estree" "^1.0.6"
      "@types/json-schema" "^7.0.15"
      ajv "^6.12.4"
      chalk "^4.0.0"
      cross-spawn "^7.0.6"
      debug "^4.3.2"
      escape-string-regexp "^4.0.0"
      eslint-scope "^8.2.0"
      eslint-visitor-keys "^4.2.0"
      espree "^10.3.0"
      esquery "^1.5.0"
      esutils "^2.0.2"
      fast-deep-equal "^3.1.3"
      file-entry-cache "^8.0.0"
      find-up "^5.0.0"
      glob-parent "^6.0.2"
      ignore "^5.2.0"
      imurmurhash "^0.1.4"
      is-glob "^4.0.0"
      json-stable-stringify-without-jsonify "^1.0.1"
      lodash.merge "^4.6.2"
      minimatch "^3.1.2"
      natural-compare "^1.4.0"
      optionator "^0.9.3"
  
  esm-env@^1.2.1:
    version "1.2.1"
    resolved "https://registry.yarnpkg.com/esm-env/-/esm-env-1.2.1.tgz#34c2a0ba60582948afbe7bd779bc66f9d3aece7e"
    integrity sha512-U9JedYYjCnadUlXk7e1Kr+aENQhtUaoaV9+gZm1T8LC/YBAPJx3NSPIAurFOC0U5vrdSevnUJS2/wUVxGwPhng==
  
  espree@^10.0.1, espree@^10.3.0:
    version "10.3.0"
    resolved "https://registry.yarnpkg.com/espree/-/espree-10.3.0.tgz#29267cf5b0cb98735b65e64ba07e0ed49d1eed8a"
    integrity sha512-0QYC8b24HWY8zjRnDTL6RiHfDbAWn63qb4LMj1Z4b076A4une81+z03Kg7l7mn/48PUTqoLptSXez8oknU8Clg==
    dependencies:
      acorn "^8.14.0"
      acorn-jsx "^5.3.2"
      eslint-visitor-keys "^4.2.0"
  
  espree@^9.6.1:
    version "9.6.1"
    resolved "https://registry.yarnpkg.com/espree/-/espree-9.6.1.tgz#a2a17b8e434690a5432f2f8018ce71d331a48c6f"
    integrity sha512-oruZaFkjorTpF32kDSI5/75ViwGeZginGGy2NoOSg3Q9bnwlnmDm4HLnkl0RE3n+njDXR037aY1+x58Z/zFdwQ==
    dependencies:
      acorn "^8.9.0"
      acorn-jsx "^5.3.2"
      eslint-visitor-keys "^3.4.1"
  
  esquery@^1.5.0:
    version "1.6.0"
    resolved "https://registry.yarnpkg.com/esquery/-/esquery-1.6.0.tgz#91419234f804d852a82dceec3e16cdc22cf9dae7"
    integrity sha512-ca9pw9fomFcKPvFLXhBKUK90ZvGibiGOvRJNbjljY7s7uq/5YO4BOzcYtJqExdx99rF6aAcnRxHmcUHcz6sQsg==
    dependencies:
      estraverse "^5.1.0"
  
  esrap@^1.3.2:
    version "1.3.2"
    resolved "https://registry.yarnpkg.com/esrap/-/esrap-1.3.2.tgz#a0644603f7f8e9f068c77052d6e16cd4062b5f88"
    integrity sha512-C4PXusxYhFT98GjLSmb20k9PREuUdporer50dhzGuJu9IJXktbMddVCMLAERl5dAHyAi73GWWCE4FVHGP1794g==
    dependencies:
      "@jridgewell/sourcemap-codec" "^1.4.15"
  
  esrecurse@^4.3.0:
    version "4.3.0"
    resolved "https://registry.yarnpkg.com/esrecurse/-/esrecurse-4.3.0.tgz#7ad7964d679abb28bee72cec63758b1c5d2c9921"
    integrity sha512-KmfKL3b6G+RXvP8N1vr3Tq1kL/oCFgn2NYXEtqP8/L3pKapUA4G8cFVaoF3SU323CD4XypR/ffioHmkti6/Tag==
    dependencies:
      estraverse "^5.2.0"
  
  estraverse@^5.1.0, estraverse@^5.2.0:
    version "5.3.0"
    resolved "https://registry.yarnpkg.com/estraverse/-/estraverse-5.3.0.tgz#2eea5290702f26ab8fe5370370ff86c965d21123"
    integrity sha512-MMdARuVEQziNTeJD8DgMqmhwR11BRQ/cBP+pLtYdSTnf3MIO8fFeiINEbX36ZdNlfU/7A9f3gUw49B3oQsvwBA==
  
  esutils@^2.0.2, esutils@^2.0.3:
    version "2.0.3"
    resolved "https://registry.yarnpkg.com/esutils/-/esutils-2.0.3.tgz#74d2eb4de0b8da1293711910d50775b9b710ef64"
    integrity sha512-kVscqXk4OCp68SZ0dkgEKVi6/8ij300KBWTJq32P/dYeWTSwK41WyTxalN1eRmA5Z9UU/LX9D7FWSmV9SAYx6g==
  
  fast-deep-equal@^3.1.1, fast-deep-equal@^3.1.3:
    version "3.1.3"
    resolved "https://registry.yarnpkg.com/fast-deep-equal/-/fast-deep-equal-3.1.3.tgz#3a7d56b559d6cbc3eb512325244e619a65c6c525"
    integrity sha512-f3qQ9oQy9j2AhBe/H9VC91wLmKBCCU/gDOnKNAYG5hswO7BLKj09Hc5HYNz9cGI++xlpDCIgDaitVs03ATR84Q==
  
  fast-glob@^3.3.2:
    version "3.3.2"
    resolved "https://registry.yarnpkg.com/fast-glob/-/fast-glob-3.3.2.tgz#a904501e57cfdd2ffcded45e99a54fef55e46129"
    integrity sha512-oX2ruAFQwf/Orj8m737Y5adxDQO0LAB7/S5MnxCdTNDd4p6BsyIVsv9JQsATbTSq8KHRpLwIHbVlUNatxd+1Ow==
    dependencies:
      "@nodelib/fs.stat" "^2.0.2"
      "@nodelib/fs.walk" "^1.2.3"
      glob-parent "^5.1.2"
      merge2 "^1.3.0"
      micromatch "^4.0.4"
  
  fast-json-stable-stringify@^2.0.0:
    version "2.1.0"
    resolved "https://registry.yarnpkg.com/fast-json-stable-stringify/-/fast-json-stable-stringify-2.1.0.tgz#874bf69c6f404c2b5d99c481341399fd55892633"
    integrity sha512-lhd/wF+Lk98HZoTCtlVraHtfh5XYijIjalXck7saUtuanSDyLMxnHhSXEDJqHxD7msR8D0uCmqlkwjCV8xvwHw==
  
  fast-levenshtein@^2.0.6:
    version "2.0.6"
    resolved "https://registry.yarnpkg.com/fast-levenshtein/-/fast-levenshtein-2.0.6.tgz#3d8a5c66883a16a30ca8643e851f19baa7797917"
    integrity sha512-DCXu6Ifhqcks7TZKY3Hxp3y6qphY5SJZmrWMDrKcERSOXWQdMhU9Ig/PYrzyw/ul9jOIyh0N4M0tbC5hodg8dw==
  
  fastq@^1.6.0:
    version "1.17.1"
    resolved "https://registry.yarnpkg.com/fastq/-/fastq-1.17.1.tgz#2a523f07a4e7b1e81a42b91b8bf2254107753b47"
    integrity sha512-sRVD3lWVIXWg6By68ZN7vho9a1pQcN/WBFaAAsDDFzlJjvoGx0P8z7V1t72grFJfJhu3YPZBuu25f7Kaw2jN1w==
    dependencies:
      reusify "^1.0.4"
  
  fdir@^6.2.0:
    version "6.4.2"
    resolved "https://registry.yarnpkg.com/fdir/-/fdir-6.4.2.tgz#ddaa7ce1831b161bc3657bb99cb36e1622702689"
    integrity sha512-KnhMXsKSPZlAhp7+IjUkRZKPb4fUyccpDrdFXbi4QL1qkmFh9kVY09Yox+n4MaOb3lHZ1Tv829C3oaaXoMYPDQ==
  
  file-entry-cache@^8.0.0:
    version "8.0.0"
    resolved "https://registry.yarnpkg.com/file-entry-cache/-/file-entry-cache-8.0.0.tgz#7787bddcf1131bffb92636c69457bbc0edd6d81f"
    integrity sha512-XXTUwCvisa5oacNGRP9SfNtYBNAMi+RPwBFmblZEF7N7swHYQS6/Zfk7SRwx4D5j3CH211YNRco1DEMNVfZCnQ==
    dependencies:
      flat-cache "^4.0.0"
  
  fill-range@^7.1.1:
    version "7.1.1"
    resolved "https://registry.yarnpkg.com/fill-range/-/fill-range-7.1.1.tgz#44265d3cac07e3ea7dc247516380643754a05292"
    integrity sha512-YsGpe3WHLK8ZYi4tWDg2Jy3ebRz2rXowDxnld4bkQB00cc/1Zw9AWnC0i9ztDJitivtQvaI9KaLyKrc+hBW0yg==
    dependencies:
      to-regex-range "^5.0.1"
  
  find-up@^5.0.0:
    version "5.0.0"
    resolved "https://registry.yarnpkg.com/find-up/-/find-up-5.0.0.tgz#4c92819ecb7083561e4f4a240a86be5198f536fc"
    integrity sha512-78/PXT1wlLLDgTzDs7sjq9hzz0vXD+zn+7wypEe4fXQxCmdmqfGsEPQxmiCSQI3ajFV91bVSsvNtrJRiW6nGng==
    dependencies:
      locate-path "^6.0.0"
      path-exists "^4.0.0"
  
  flat-cache@^4.0.0:
    version "4.0.1"
    resolved "https://registry.yarnpkg.com/flat-cache/-/flat-cache-4.0.1.tgz#0ece39fcb14ee012f4b0410bd33dd9c1f011127c"
    integrity sha512-f7ccFPK3SXFHpx15UIGyRJ/FJQctuKZ0zVuN3frBo4HnK3cay9VEW0R6yPYFHC0AgqhukPzKjq22t5DmAyqGyw==
    dependencies:
      flatted "^3.2.9"
      keyv "^4.5.4"
  
  flatted@^3.2.9:
    version "3.3.2"
    resolved "https://registry.yarnpkg.com/flatted/-/flatted-3.3.2.tgz#adba1448a9841bec72b42c532ea23dbbedef1a27"
    integrity sha512-AiwGJM8YcNOaobumgtng+6NHuOqC3A7MixFeDafM3X9cIUM+xUXoS5Vfgf+OihAYe20fxqNM9yPBXJzRtZ/4eA==
  
  fsevents@~2.3.2, fsevents@~2.3.3:
    version "2.3.3"
    resolved "https://registry.yarnpkg.com/fsevents/-/fsevents-2.3.3.tgz#cac6407785d03675a2a5e1a5305c697b347d90d6"
    integrity sha512-5xoDfX+fL7faATnagmWPpbFtwh/R77WmMMqqHGS65C3vvB0YHrgF+B1YmZ3441tMj5n63k0212XNoJwzlhffQw==
  
  glob-parent@^5.1.2:
    version "5.1.2"
    resolved "https://registry.yarnpkg.com/glob-parent/-/glob-parent-5.1.2.tgz#869832c58034fe68a4093c17dc15e8340d8401c4"
    integrity sha512-AOIgSQCepiJYwP3ARnGx+5VnTu2HBYdzbGP45eLw1vr3zB3vZLeyed1sC9hnbcOc9/SrMyM5RPQrkGz4aS9Zow==
    dependencies:
      is-glob "^4.0.1"
  
  glob-parent@^6.0.2:
    version "6.0.2"
    resolved "https://registry.yarnpkg.com/glob-parent/-/glob-parent-6.0.2.tgz#6d237d99083950c79290f24c7642a3de9a28f9e3"
    integrity sha512-XxwI8EOhVQgWp6iDL+3b0r86f4d6AX6zSU55HfB4ydCEuXLXc5FcYeOu+nnGftS4TEju/11rt4KJPTMgbfmv4A==
    dependencies:
      is-glob "^4.0.3"
  
  globals@^14.0.0:
    version "14.0.0"
    resolved "https://registry.yarnpkg.com/globals/-/globals-14.0.0.tgz#898d7413c29babcf6bafe56fcadded858ada724e"
    integrity sha512-oahGvuMGQlPw/ivIYBjVSrWAfWLBeku5tpPE2fOPLi+WHffIWbuh2tCjhyQhTBPMf5E9jDEH4FOmTYgYwbKwtQ==
  
  globals@^15.0.0:
    version "15.14.0"
    resolved "https://registry.yarnpkg.com/globals/-/globals-15.14.0.tgz#b8fd3a8941ff3b4d38f3319d433b61bbb482e73f"
    integrity sha512-OkToC372DtlQeje9/zHIo5CT8lRP/FUgEOKBEhU4e0abL7J7CD24fD9ohiLN5hagG/kWCYj4K5oaxxtj2Z0Dig==
  
  globalyzer@0.1.0:
    version "0.1.0"
    resolved "https://registry.yarnpkg.com/globalyzer/-/globalyzer-0.1.0.tgz#cb76da79555669a1519d5a8edf093afaa0bf1465"
    integrity sha512-40oNTM9UfG6aBmuKxk/giHn5nQ8RVz/SS4Ir6zgzOv9/qC3kKZ9v4etGTcJbEl/NyVQH7FGU7d+X1egr57Md2Q==
  
  globrex@^0.1.2:
    version "0.1.2"
    resolved "https://registry.yarnpkg.com/globrex/-/globrex-0.1.2.tgz#dd5d9ec826232730cd6793a5e33a9302985e6098"
    integrity sha512-uHJgbwAMwNFf5mLst7IWLNg14x1CkeqglJb/K3doi4dw6q2IvAAmM/Y81kevy83wP+Sst+nutFTYOGg3d1lsxg==
  
  graphemer@^1.4.0:
    version "1.4.0"
    resolved "https://registry.yarnpkg.com/graphemer/-/graphemer-1.4.0.tgz#fb2f1d55e0e3a1849aeffc90c4fa0dd53a0e66c6"
    integrity sha512-EtKwoO6kxCL9WO5xipiHTZlSzBm7WLT627TqC/uVRd0HKmq8NXyebnNYxDoBi7wt8eTWrUrKXCOVaFq9x1kgag==
  
  has-flag@^4.0.0:
    version "4.0.0"
    resolved "https://registry.yarnpkg.com/has-flag/-/has-flag-4.0.0.tgz#944771fd9c81c81265c4d6941860da06bb59479b"
    integrity sha512-EykJT/Q1KjTWctppgIAgfSO0tKVuZUjhgMr17kqTumMl6Afv3EISleU7qZUzoXDFTAHTDC4NOoG/ZxU3EvlMPQ==
  
  i18n-iso-countries@^7.13.0:
    version "7.13.0"
    resolved "https://registry.yarnpkg.com/i18n-iso-countries/-/i18n-iso-countries-7.13.0.tgz#8c71e0ffa0748ee26ad0fa219c815b6f3a5bc404"
    integrity sha512-pVh4CjdgAHZswI98hzG+1BItQlsQfR+yGDsjDISoWIV/jHDAvCmSyZ5vj2YWwAjfVZ8/BhBDqWcFvuGOyHe4vg==
    dependencies:
      diacritics "1.3.0"
  
  ignore@^5.2.0, ignore@^5.3.1:
    version "5.3.2"
    resolved "https://registry.yarnpkg.com/ignore/-/ignore-5.3.2.tgz#3cd40e729f3643fd87cb04e50bf0eb722bc596f5"
    integrity sha512-hsBTNUqQTDwkWtcdYI2i06Y/nUBEsNEDJKjWdigLvegy8kDuJAS8uRlpkkcQpyEXL0Z/pjDy5HBmMjRCJ2gq+g==
  
  immutable@^5.0.2:
    version "5.0.3"
    resolved "https://registry.yarnpkg.com/immutable/-/immutable-5.0.3.tgz#aa037e2313ea7b5d400cd9298fa14e404c933db1"
    integrity sha512-P8IdPQHq3lA1xVeBRi5VPqUm5HDgKnx0Ru51wZz5mjxHr5n3RWhjIpOFU7ybkUxfB+5IToy+OLaHYDBIWsv+uw==
  
  import-fresh@^3.2.1:
    version "3.3.0"
    resolved "https://registry.yarnpkg.com/import-fresh/-/import-fresh-3.3.0.tgz#37162c25fcb9ebaa2e6e53d5b4d88ce17d9e0c2b"
    integrity sha512-veYYhQa+D1QBKznvhUHxb8faxlrwUnxseDAbAp457E0wLNio2bOSKnjYDhMj+YiAq61xrMGhQk9iXVk5FzgQMw==
    dependencies:
      parent-module "^1.0.0"
      resolve-from "^4.0.0"
  
  import-meta-resolve@^4.1.0:
    version "4.1.0"
    resolved "https://registry.yarnpkg.com/import-meta-resolve/-/import-meta-resolve-4.1.0.tgz#f9db8bead9fafa61adb811db77a2bf22c5399706"
    integrity sha512-I6fiaX09Xivtk+THaMfAwnA3MVA5Big1WHF1Dfx9hFuvNIWpXnorlkzhcQf6ehrqQiiZECRt1poOAkPmer3ruw==
  
  imurmurhash@^0.1.4:
    version "0.1.4"
    resolved "https://registry.yarnpkg.com/imurmurhash/-/imurmurhash-0.1.4.tgz#9218b9b2b928a238b13dc4fb6b6d576f231453ea"
    integrity sha512-JmXMZ6wuvDmLiHEml9ykzqO6lwFbof0GG4IkcGaENdCRDDmMVnny7s5HsIgHCbaq0w2MyPhDqkhTUgS2LU2PHA==
  
  is-extglob@^2.1.1:
    version "2.1.1"
    resolved "https://registry.yarnpkg.com/is-extglob/-/is-extglob-2.1.1.tgz#a88c02535791f02ed37c76a1b9ea9773c833f8c2"
    integrity sha512-SbKbANkN603Vi4jEZv49LeVJMn4yGwsbzZworEoyEiutsN3nJYdbO36zfhGJ6QEDpOZIFkDtnq5JRxmvl3jsoQ==
  
  is-glob@^4.0.0, is-glob@^4.0.1, is-glob@^4.0.3:
    version "4.0.3"
    resolved "https://registry.yarnpkg.com/is-glob/-/is-glob-4.0.3.tgz#64f61e42cbbb2eec2071a9dac0b28ba1e65d5084"
    integrity sha512-xelSayHH36ZgE7ZWhli7pW34hNbNl8Ojv5KVmkJD4hBdD3th8Tfk9vYasLM+mXWOZhFkgZfxhLSnrwRr4elSSg==
    dependencies:
      is-extglob "^2.1.1"
  
  is-number@^7.0.0:
    version "7.0.0"
    resolved "https://registry.yarnpkg.com/is-number/-/is-number-7.0.0.tgz#7535345b896734d5f80c4d06c50955527a14f12b"
    integrity sha512-41Cifkg6e8TylSpdtTpeLVMqvSBEVzTttHvERD741+pnZ8ANv0004MRL43QKPDlK9cGvNp6NZWZUBlbGXYxxng==
  
  is-reference@^3.0.3:
    version "3.0.3"
    resolved "https://registry.yarnpkg.com/is-reference/-/is-reference-3.0.3.tgz#9ef7bf9029c70a67b2152da4adf57c23d718910f"
    integrity sha512-ixkJoqQvAP88E6wLydLGGqCJsrFUnqoH6HnaczB8XmDH1oaWU+xxdptvikTgaEhtZ53Ky6YXiBuUI2WXLMCwjw==
    dependencies:
      "@types/estree" "^1.0.6"
  
  isexe@^2.0.0:
    version "2.0.0"
    resolved "https://registry.yarnpkg.com/isexe/-/isexe-2.0.0.tgz#e8fbf374dc556ff8947a10dcb0572d633f2cfa10"
    integrity sha512-RHxMLp9lnKHGHRng9QFhRCMbYAcVpn69smSGcq3f36xjgVVWThj4qqLbTLlq7Ssj8B+fIQ1EuCEGI2lKsyQeIw==
  
  js-yaml@^4.1.0:
    version "4.1.0"
    resolved "https://registry.yarnpkg.com/js-yaml/-/js-yaml-4.1.0.tgz#c1fb65f8f5017901cdd2c951864ba18458a10602"
    integrity sha512-wpxZs9NoxZaJESJGIZTyDEaYpl0FKSA+FB9aJiyemKhMwkxQg63h4T1KJgUGHpTqPDNRcmmYLugrRjJlBtWvRA==
    dependencies:
      argparse "^2.0.1"
  
  json-buffer@3.0.1:
    version "3.0.1"
    resolved "https://registry.yarnpkg.com/json-buffer/-/json-buffer-3.0.1.tgz#9338802a30d3b6605fbe0613e094008ca8c05a13"
    integrity sha512-4bV5BfR2mqfQTJm+V5tPPdf+ZpuhiIvTuAB5g8kcrXOZpTT/QwwVRWBywX1ozr6lEuPdbHxwaJlm9G6mI2sfSQ==
  
  json-schema-traverse@^0.4.1:
    version "0.4.1"
    resolved "https://registry.yarnpkg.com/json-schema-traverse/-/json-schema-traverse-0.4.1.tgz#69f6a87d9513ab8bb8fe63bdb0979c448e684660"
    integrity sha512-xbbCH5dCYU5T8LcEhhuh7HJ88HXuW3qsI3Y0zOZFKfZEHcpWiHU/Jxzk629Brsab/mMiHQti9wMP+845RPe3Vg==
  
  json-stable-stringify-without-jsonify@^1.0.1:
    version "1.0.1"
    resolved "https://registry.yarnpkg.com/json-stable-stringify-without-jsonify/-/json-stable-stringify-without-jsonify-1.0.1.tgz#9db7b59496ad3f3cfef30a75142d2d930ad72651"
    integrity sha512-Bdboy+l7tA3OGW6FjyFHWkP5LuByj1Tk33Ljyq0axyzdk9//JSi2u3fP1QSmd1KNwq6VOKYGlAu87CisVir6Pw==
  
  keyv@^4.5.4:
    version "4.5.4"
    resolved "https://registry.yarnpkg.com/keyv/-/keyv-4.5.4.tgz#a879a99e29452f942439f2a405e3af8b31d4de93"
    integrity sha512-oxVHkHR/EJf2CNXnWxRLW6mg7JyCCUcG0DtEGmL2ctUo1PNTin1PUil+r/+4r5MpVgC/fn1kjsx7mjSujKqIpw==
    dependencies:
      json-buffer "3.0.1"
  
  kleur@^4.1.5:
    version "4.1.5"
    resolved "https://registry.yarnpkg.com/kleur/-/kleur-4.1.5.tgz#95106101795f7050c6c650f350c683febddb1780"
    integrity sha512-o+NO+8WrRiQEE4/7nwRJhN1HWpVmJm511pBHUxPLtp0BUISzlBplORYSmTclCnJvQq2tKu/sgl3xVpkc7ZWuQQ==
  
  known-css-properties@^0.35.0:
    version "0.35.0"
    resolved "https://registry.yarnpkg.com/known-css-properties/-/known-css-properties-0.35.0.tgz#f6f8e40ab4e5700fa32f5b2ef5218a56bc853bd6"
    integrity sha512-a/RAk2BfKk+WFGhhOCAYqSiFLc34k8Mt/6NWRI4joER0EYUzXIcFivjjnoD3+XU1DggLn/tZc3DOAgke7l8a4A==
  
  levn@^0.4.1:
    version "0.4.1"
    resolved "https://registry.yarnpkg.com/levn/-/levn-0.4.1.tgz#ae4562c007473b932a6200d403268dd2fffc6ade"
    integrity sha512-+bT2uH4E5LGE7h/n3evcS/sQlJXCpIp6ym8OWJ5eV6+67Dsql/LaaT7qJBAt2rzfoa/5QBGBhxDix1dMt2kQKQ==
    dependencies:
      prelude-ls "^1.2.1"
      type-check "~0.4.0"
  
  lilconfig@^2.0.5:
    version "2.1.0"
    resolved "https://registry.yarnpkg.com/lilconfig/-/lilconfig-2.1.0.tgz#78e23ac89ebb7e1bfbf25b18043de756548e7f52"
    integrity sha512-utWOt/GHzuUxnLKxB6dk81RoOeoNeHgbrXiuGk4yyF5qlRz+iIVWu56E2fqGHFrXz0QNUhLB/8nKqvRH66JKGQ==
  
  locate-character@^3.0.0:
    version "3.0.0"
    resolved "https://registry.yarnpkg.com/locate-character/-/locate-character-3.0.0.tgz#0305c5b8744f61028ef5d01f444009e00779f974"
    integrity sha512-SW13ws7BjaeJ6p7Q6CO2nchbYEc3X3J6WrmTTDto7yMPqVSZTUyY5Tjbid+Ab8gLnATtygYtiDIJGQRRn2ZOiA==
  
  locate-path@^6.0.0:
    version "6.0.0"
    resolved "https://registry.yarnpkg.com/locate-path/-/locate-path-6.0.0.tgz#55321eb309febbc59c4801d931a72452a681d286"
    integrity sha512-iPZK6eYjbxRu3uB4/WZ3EsEIMJFMqAoopl3R+zuq0UjcAm/MO6KCweDgPfP3elTztoKP3KtnVHxTn2NHBSDVUw==
    dependencies:
      p-locate "^5.0.0"
  
  lodash.merge@^4.6.2:
    version "4.6.2"
    resolved "https://registry.yarnpkg.com/lodash.merge/-/lodash.merge-4.6.2.tgz#558aa53b43b661e1925a0afdfa36a9a1085fe57a"
    integrity sha512-0KpjqXRVvrYyCsX1swR/XTK0va6VQkQM6MNo7PqW77ByjAhoARA8EfrP1N4+KlKj8YS0ZUCtRT/YUuhyYDujIQ==
  
  magic-string@^0.30.11, magic-string@^0.30.12, magic-string@^0.30.5:
    version "0.30.17"
    resolved "https://registry.yarnpkg.com/magic-string/-/magic-string-0.30.17.tgz#450a449673d2460e5bbcfba9a61916a1714c7453"
    integrity sha512-sNPKHvyjVf7gyjwS4xGTaW/mCnF8wnjtifKBEhxfZ7E/S8tQ0rssrwGNn6q8JH/ohItJfSQp9mBtQYuTlH5QnA==
    dependencies:
      "@jridgewell/sourcemap-codec" "^1.5.0"
  
  merge2@^1.3.0:
    version "1.4.1"
    resolved "https://registry.yarnpkg.com/merge2/-/merge2-1.4.1.tgz#4368892f885e907455a6fd7dc55c0c9d404990ae"
    integrity sha512-8q7VEgMJW4J8tcfVPy8g09NcQwZdbwFEqhe/WZkoIzjn/3TGDwtOCYtXGxA3O8tPzpczCCDgv+P2P5y00ZJOOg==
  
  micromatch@^4.0.4:
    version "4.0.8"
    resolved "https://registry.yarnpkg.com/micromatch/-/micromatch-4.0.8.tgz#d66fa18f3a47076789320b9b1af32bd86d9fa202"
    integrity sha512-PXwfBhYu0hBCPw8Dn0E+WDYb7af3dSLVWKi3HGv84IdF4TyFoC0ysxFd0Goxw7nSv4T/PzEJQxsYsEiFCKo2BA==
    dependencies:
      braces "^3.0.3"
      picomatch "^2.3.1"
  
  minimatch@^3.1.2:
    version "3.1.2"
    resolved "https://registry.yarnpkg.com/minimatch/-/minimatch-3.1.2.tgz#19cd194bfd3e428f049a70817c038d89ab4be35b"
    integrity sha512-J7p63hRiAjw1NDEww1W7i37+ByIrOWO5XQQAzZ3VOcL0PNybwpfmV/N05zFAzwQ9USyEcX6t3UO+K5aqBQOIHw==
    dependencies:
      brace-expansion "^1.1.7"
  
  minimatch@^9.0.4:
    version "9.0.5"
    resolved "https://registry.yarnpkg.com/minimatch/-/minimatch-9.0.5.tgz#d74f9dd6b57d83d8e98cfb82133b03978bc929e5"
    integrity sha512-G6T0ZX48xgozx7587koeX9Ys2NYy6Gmv//P89sEte9V9whIapMNF4idKxnW2QtCcLiTWlb/wfCabAtAFWhhBow==
    dependencies:
      brace-expansion "^2.0.1"
  
  mri@^1.1.0:
    version "1.2.0"
    resolved "https://registry.yarnpkg.com/mri/-/mri-1.2.0.tgz#6721480fec2a11a4889861115a48b6cbe7cc8f0b"
    integrity sha512-tzzskb3bG8LvYGFF/mDTpq3jpI6Q9wc3LEmBaghu+DdCssd1FakN7Bc0hVNmEyGq1bq3RgfkCb3cmQLpNPOroA==
  
  mrmime@^2.0.0:
    version "2.0.0"
    resolved "https://registry.yarnpkg.com/mrmime/-/mrmime-2.0.0.tgz#151082a6e06e59a9a39b46b3e14d5cfe92b3abb4"
    integrity sha512-eu38+hdgojoyq63s+yTpN4XMBdt5l8HhMhc4VKLO9KM5caLIBvUm4thi7fFaxyTmCKeNnXZ5pAlBwCUnhA09uw==
  
  ms@^2.1.3:
    version "2.1.3"
    resolved "https://registry.yarnpkg.com/ms/-/ms-2.1.3.tgz#574c8138ce1d2b5861f0b44579dbadd60c6615b2"
    integrity sha512-6FlzubTLZG3J2a/NVCAleEhjzq5oxgHyaCU9yYXvcLsvoVaHJq/s5xXI6/XXP6tz7R9xAOtHnSO/tXtF3WRTlA==
  
  nanoid@^3.3.7:
    version "3.3.8"
    resolved "https://registry.yarnpkg.com/nanoid/-/nanoid-3.3.8.tgz#b1be3030bee36aaff18bacb375e5cce521684baf"
    integrity sha512-WNLf5Sd8oZxOm+TzppcYk8gVOgP+l58xNy58D0nbUnOxOWRWvlcCV4kUF7ltmI6PsrLl/BgKEyS4mqsGChFN0w==
  
  natural-compare@^1.4.0:
    version "1.4.0"
    resolved "https://registry.yarnpkg.com/natural-compare/-/natural-compare-1.4.0.tgz#4abebfeed7541f2c27acfb29bdbbd15c8d5ba4f7"
    integrity sha512-OWND8ei3VtNC9h7V60qff3SVobHr996CTwgxubgyQYEpg290h9J0buyECNNJexkFm5sOajh5G116RYA1c8ZMSw==
  
  optionator@^0.9.3:
    version "0.9.4"
    resolved "https://registry.yarnpkg.com/optionator/-/optionator-0.9.4.tgz#7ea1c1a5d91d764fb282139c88fe11e182a3a734"
    integrity sha512-6IpQ7mKUxRcZNLIObR0hz7lxsapSSIYNZJwXPGeF0mTVqGKFIXj1DQcMoT22S3ROcLyY/rz0PWaWZ9ayWmad9g==
    dependencies:
      deep-is "^0.1.3"
      fast-levenshtein "^2.0.6"
      levn "^0.4.1"
      prelude-ls "^1.2.1"
      type-check "^0.4.0"
      word-wrap "^1.2.5"
  
  p-limit@^3.0.2:
    version "3.1.0"
    resolved "https://registry.yarnpkg.com/p-limit/-/p-limit-3.1.0.tgz#e1daccbe78d0d1388ca18c64fea38e3e57e3706b"
    integrity sha512-TYOanM3wGwNGsZN2cVTYPArw454xnXj5qmWF1bEoAc4+cU/ol7GVh7odevjp1FNHduHc3KZMcFduxU5Xc6uJRQ==
    dependencies:
      yocto-queue "^0.1.0"
  
  p-locate@^5.0.0:
    version "5.0.0"
    resolved "https://registry.yarnpkg.com/p-locate/-/p-locate-5.0.0.tgz#83c8315c6785005e3bd021839411c9e110e6d834"
    integrity sha512-LaNjtRWUBY++zB5nE/NwcaoMylSPk+S+ZHNB1TzdbMJMny6dynpAGt7X/tl/QYq3TIeE6nxHppbo2LGymrG5Pw==
    dependencies:
      p-limit "^3.0.2"
  
  parent-module@^1.0.0:
    version "1.0.1"
    resolved "https://registry.yarnpkg.com/parent-module/-/parent-module-1.0.1.tgz#691d2709e78c79fae3a156622452d00762caaaa2"
    integrity sha512-GQ2EWRpQV8/o+Aw8YqtfZZPfNRWZYkbidE9k5rpl/hC3vtHHBfGm2Ifi6qWV+coDGkrUKZAxE3Lot5kcsRlh+g==
    dependencies:
      callsites "^3.0.0"
  
  path-exists@^4.0.0:
    version "4.0.0"
    resolved "https://registry.yarnpkg.com/path-exists/-/path-exists-4.0.0.tgz#513bdbe2d3b95d7762e8c1137efa195c6c61b5b3"
    integrity sha512-ak9Qy5Q7jYb2Wwcey5Fpvg2KoAc/ZIhLSLOSBmRmygPsGwkVVt0fZa0qrtMz+m6tJTAHfZQ8FnmB4MG4LWy7/w==
  
  path-key@^3.1.0:
    version "3.1.1"
    resolved "https://registry.yarnpkg.com/path-key/-/path-key-3.1.1.tgz#581f6ade658cbba65a0d3380de7753295054f375"
    integrity sha512-ojmeN0qd+y0jszEtoY48r0Peq5dwMEkIlCOu6Q5f41lfkswXuKtYrhgoTpLnyIcHm24Uhqx+5Tqm2InSwLhE6Q==
  
  picocolors@^1.0.0, picocolors@^1.1.1:
    version "1.1.1"
    resolved "https://registry.yarnpkg.com/picocolors/-/picocolors-1.1.1.tgz#3d321af3eab939b083c8f929a1d12cda81c26b6b"
    integrity sha512-xceH2snhtb5M9liqDsmEw56le376mTZkEX/jEb/RxNFyegNul7eNslCXP9FDj/Lcu0X8KEyMceP2ntpaHrDEVA==
  
  picomatch@^2.3.1:
    version "2.3.1"
    resolved "https://registry.yarnpkg.com/picomatch/-/picomatch-2.3.1.tgz#3ba3833733646d9d3e4995946c1365a67fb07a42"
    integrity sha512-JU3teHTNjmE2VCGFzuY8EXzCDVwEqB2a8fsIvwaStHhAWJEeVd1o1QD80CU6+ZdEXXSLbSsuLwJjkCBWqRQUVA==
  
  postcss-load-config@^3.1.4:
    version "3.1.4"
    resolved "https://registry.yarnpkg.com/postcss-load-config/-/postcss-load-config-3.1.4.tgz#1ab2571faf84bb078877e1d07905eabe9ebda855"
    integrity sha512-6DiM4E7v4coTE4uzA8U//WhtPwyhiim3eyjEMFCnUpzbrkK9wJHgKDT2mR+HbtSrd/NubVaYTOpSpjUl8NQeRg==
    dependencies:
      lilconfig "^2.0.5"
      yaml "^1.10.2"
  
  postcss-safe-parser@^6.0.0:
    version "6.0.0"
    resolved "https://registry.yarnpkg.com/postcss-safe-parser/-/postcss-safe-parser-6.0.0.tgz#bb4c29894171a94bc5c996b9a30317ef402adaa1"
    integrity sha512-FARHN8pwH+WiS2OPCxJI8FuRJpTVnn6ZNFiqAM2aeW2LwTHWWmWgIyKC6cUo0L8aeKiF/14MNvnpls6R2PBeMQ==
  
  postcss-scss@^4.0.9:
    version "4.0.9"
    resolved "https://registry.yarnpkg.com/postcss-scss/-/postcss-scss-4.0.9.tgz#a03c773cd4c9623cb04ce142a52afcec74806685"
    integrity sha512-AjKOeiwAitL/MXxQW2DliT28EKukvvbEWx3LBmJIRN8KfBGZbRTxNYW0kSqi1COiTZ57nZ9NW06S6ux//N1c9A==
  
  postcss-selector-parser@^6.1.0:
    version "6.1.2"
    resolved "https://registry.yarnpkg.com/postcss-selector-parser/-/postcss-selector-parser-6.1.2.tgz#27ecb41fb0e3b6ba7a1ec84fff347f734c7929de"
    integrity sha512-Q8qQfPiZ+THO/3ZrOrO0cJJKfpYCagtMUkXbnEfmgUjwXg6z/WBeOyS9APBBPCTSiDV+s4SwQGu8yFsiMRIudg==
    dependencies:
      cssesc "^3.0.0"
      util-deprecate "^1.0.2"
  
  postcss@^8.4.38, postcss@^8.4.39, postcss@^8.4.43:
    version "8.4.49"
    resolved "https://registry.yarnpkg.com/postcss/-/postcss-8.4.49.tgz#4ea479048ab059ab3ae61d082190fabfd994fe19"
    integrity sha512-OCVPnIObs4N29kxTjzLfUryOkvZEq+pf8jTF0lg8E7uETuWHA+v7j3c/xJmiqpX450191LlmZfUKkXxkTry7nA==
    dependencies:
      nanoid "^3.3.7"
      picocolors "^1.1.1"
      source-map-js "^1.2.1"
  
  prelude-ls@^1.2.1:
    version "1.2.1"
    resolved "https://registry.yarnpkg.com/prelude-ls/-/prelude-ls-1.2.1.tgz#debc6489d7a6e6b0e7611888cec880337d316396"
    integrity sha512-vkcDPrRZo1QZLbn5RLGPpg/WmIQ65qoWWhcGKf/b5eplkkarX0m9z8ppCat4mlOqUsWpyNuYgO3VRyrYHSzX5g==
  
  prettier-plugin-svelte@^3.2.6:
    version "3.3.2"
    resolved "https://registry.yarnpkg.com/prettier-plugin-svelte/-/prettier-plugin-svelte-3.3.2.tgz#f0c0b023a697f5cb43fb7257170e3d8762b547c6"
    integrity sha512-kRPjH8wSj2iu+dO+XaUv4vD8qr5mdDmlak3IT/7AOgGIMRG86z/EHOLauFcClKEnOUf4A4nOA7sre5KrJD4Raw==
  
  prettier@^3.3.2:
    version "3.4.2"
    resolved "https://registry.yarnpkg.com/prettier/-/prettier-3.4.2.tgz#a5ce1fb522a588bf2b78ca44c6e6fe5aa5a2b13f"
    integrity sha512-e9MewbtFo+Fevyuxn/4rrcDAaq0IYxPGLvObpQjiZBMAzB9IGmzlnG9RZy3FFas+eBMu2vA0CszMeduow5dIuQ==
  
  punycode@^2.1.0:
    version "2.3.1"
    resolved "https://registry.yarnpkg.com/punycode/-/punycode-2.3.1.tgz#027422e2faec0b25e1549c3e1bd8309b9133b6e5"
    integrity sha512-vYt7UD1U9Wg6138shLtLOvdAu+8DsC/ilFtEVHcH+wydcSpNE20AfSOduf6MkRFahL5FY7X1oU7nKVZFtfq8Fg==
  
  queue-microtask@^1.2.2:
    version "1.2.3"
    resolved "https://registry.yarnpkg.com/queue-microtask/-/queue-microtask-1.2.3.tgz#4929228bbc724dfac43e0efb058caf7b6cfb6243"
    integrity sha512-NuaNSa6flKT5JaSYQzJok04JzTL1CA6aGhv5rfLW3PgqA+M2ChpZQnAC8h8i4ZFkBS8X5RqkDBHA7r4hej3K9A==
  
  readdirp@^4.0.1:
    version "4.0.2"
    resolved "https://registry.yarnpkg.com/readdirp/-/readdirp-4.0.2.tgz#388fccb8b75665da3abffe2d8f8ed59fe74c230a"
    integrity sha512-yDMz9g+VaZkqBYS/ozoBJwaBhTbZo3UNYQHNRw1D3UFQB8oHB4uS/tAODO+ZLjGWmUbKnIlOWO+aaIiAxrUWHA==
  
  resolve-from@^4.0.0:
    version "4.0.0"
    resolved "https://registry.yarnpkg.com/resolve-from/-/resolve-from-4.0.0.tgz#4abcd852ad32dd7baabfe9b40e00a36db5f392e6"
    integrity sha512-pb/MYmXstAkysRFx8piNI1tGFNQIFA3vkE3Gq4EuA1dF6gHp/+vgZqsCGJapvy8N3Q+4o7FwvquPJcnZ7RYy4g==
  
  reusify@^1.0.4:
    version "1.0.4"
    resolved "https://registry.yarnpkg.com/reusify/-/reusify-1.0.4.tgz#90da382b1e126efc02146e90845a88db12925d76"
    integrity sha512-U9nH88a3fc/ekCF1l0/UP1IosiuIjyTh7hBvXVMHYgVcfGvt897Xguj2UOLDeI5BG2m7/uwyaLVT6fbtCwTyzw==
  
  rollup@^4.20.0:
    version "4.29.0"
    resolved "https://registry.yarnpkg.com/rollup/-/rollup-4.29.0.tgz#0b0d61efe07970d0a16bf455720c1c595320c736"
    integrity sha512-pdftUn12oB9Qlka+Vpyc39R28D4NsP9Sz6neepSrekofJmWzPD1sxcSO9hEOxFF8+7Kz3sHvwSkkRREI28M1/w==
    dependencies:
      "@types/estree" "1.0.6"
    optionalDependencies:
      "@rollup/rollup-android-arm-eabi" "4.29.0"
      "@rollup/rollup-android-arm64" "4.29.0"
      "@rollup/rollup-darwin-arm64" "4.29.0"
      "@rollup/rollup-darwin-x64" "4.29.0"
      "@rollup/rollup-freebsd-arm64" "4.29.0"
      "@rollup/rollup-freebsd-x64" "4.29.0"
      "@rollup/rollup-linux-arm-gnueabihf" "4.29.0"
      "@rollup/rollup-linux-arm-musleabihf" "4.29.0"
      "@rollup/rollup-linux-arm64-gnu" "4.29.0"
      "@rollup/rollup-linux-arm64-musl" "4.29.0"
      "@rollup/rollup-linux-loongarch64-gnu" "4.29.0"
      "@rollup/rollup-linux-powerpc64le-gnu" "4.29.0"
      "@rollup/rollup-linux-riscv64-gnu" "4.29.0"
      "@rollup/rollup-linux-s390x-gnu" "4.29.0"
      "@rollup/rollup-linux-x64-gnu" "4.29.0"
      "@rollup/rollup-linux-x64-musl" "4.29.0"
      "@rollup/rollup-win32-arm64-msvc" "4.29.0"
      "@rollup/rollup-win32-ia32-msvc" "4.29.0"
      "@rollup/rollup-win32-x64-msvc" "4.29.0"
      fsevents "~2.3.2"
  
  run-parallel@^1.1.9:
    version "1.2.0"
    resolved "https://registry.yarnpkg.com/run-parallel/-/run-parallel-1.2.0.tgz#66d1368da7bdf921eb9d95bd1a9229e7f21a43ee"
    integrity sha512-5l4VyZR86LZ/lDxZTR6jqL8AFE2S0IFLMP26AbjsLVADxHdhB/c0GUsH+y39UfCi3dzz8OlQuPmnaJOMoDHQBA==
    dependencies:
      queue-microtask "^1.2.2"
  
  rxjs@^7.4.0:
    version "7.8.1"
    resolved "https://registry.yarnpkg.com/rxjs/-/rxjs-7.8.1.tgz#6f6f3d99ea8044291efd92e7c7fcf562c4057543"
    integrity sha512-AA3TVj+0A2iuIoQkWEK/tqFjBq2j+6PO6Y0zJcvzLAFhEFIO3HL0vls9hWLncZbAAbK0mar7oZ4V079I/qPMxg==
    dependencies:
      tslib "^2.1.0"
  
  sade@^1.7.4, sade@^1.8.1:
    version "1.8.1"
    resolved "https://registry.yarnpkg.com/sade/-/sade-1.8.1.tgz#0a78e81d658d394887be57d2a409bf703a3b2701"
    integrity sha512-xal3CZX1Xlo/k4ApwCFrHVACi9fBqJ7V+mwhBsuf/1IOKbBy098Fex+Wa/5QMubw09pSZ/u8EY8PWgevJsXp1A==
    dependencies:
      mri "^1.1.0"
  
  sass-embedded-android-arm64@1.83.0:
    version "1.83.0"
    resolved "https://registry.yarnpkg.com/sass-embedded-android-arm64/-/sass-embedded-android-arm64-1.83.0.tgz#d552d259fad6e58ce32084ef5a42ac8a1f8883ba"
    integrity sha512-GBiCvM4a2rkWBLdYDxI6XYnprfk5U5c81g69RC2X6kqPuzxzx8qTArQ9M6keFK4+iDQ5N9QTwFCr0KbZTn+ZNQ==
  
  sass-embedded-android-arm@1.83.0:
    version "1.83.0"
    resolved "https://registry.yarnpkg.com/sass-embedded-android-arm/-/sass-embedded-android-arm-1.83.0.tgz#2f56246f2c3e1dc1234761ca003166c13f21dc53"
    integrity sha512-uwFSXzJlfbd4Px189xE5l+cxN8+TQpXdQgJec7TIrb4HEY7imabtpYufpVdqUVwT1/uiis5V4+qIEC4Vl5XObQ==
  
  sass-embedded-android-ia32@1.83.0:
    version "1.83.0"
    resolved "https://registry.yarnpkg.com/sass-embedded-android-ia32/-/sass-embedded-android-ia32-1.83.0.tgz#4a28ef1a5385983ed860d7e5ef98859fb60468ae"
    integrity sha512-5ATPdGo2SICqAhiJl/Z8KQ23zH4sGgobGgux0TnrNtt83uHZ+r+To/ubVJ7xTkZxed+KJZnIpolGD8dQyQqoTg==
  
  sass-embedded-android-riscv64@1.83.0:
    version "1.83.0"
    resolved "https://registry.yarnpkg.com/sass-embedded-android-riscv64/-/sass-embedded-android-riscv64-1.83.0.tgz#c55b2fd64c915325af973ef368bdc7872138281a"
    integrity sha512-aveknUOB8GZewOzVn2Uwk+DKcncTR50Q6vtzslNMGbYnxtgQNHzy8A1qVEviNUruex+pHofppeMK4iMPFAbiEQ==
  
  sass-embedded-android-x64@1.83.0:
    version "1.83.0"
    resolved "https://registry.yarnpkg.com/sass-embedded-android-x64/-/sass-embedded-android-x64-1.83.0.tgz#dd3f49747e2b0e189b0b34a2e62cfcfb3e3b7576"
    integrity sha512-WqIay/72ncyf9Ph4vS742J3a73wZihWmzFUwpn1OD6lme1Aj4eWzWIve5IVnlTEJgcZcDHu6ECID9IZgehJKoA==
  
  sass-embedded-darwin-arm64@1.83.0:
    version "1.83.0"
    resolved "https://registry.yarnpkg.com/sass-embedded-darwin-arm64/-/sass-embedded-darwin-arm64-1.83.0.tgz#377beb00a135860ac558342ee4f4847c7c455107"
    integrity sha512-XQl9QqgxFFIPm/CzHhmppse5o9ocxrbaAdC2/DAnlAqvYWBBtgFqPjGoYlej13h9SzfvNoogx+y9r+Ap+e+hYg==
  
  sass-embedded-darwin-x64@1.83.0:
    version "1.83.0"
    resolved "https://registry.yarnpkg.com/sass-embedded-darwin-x64/-/sass-embedded-darwin-x64-1.83.0.tgz#2323b1af2322c7a61a1fd6ee204badd16fcc87dd"
    integrity sha512-ERQ7Tvp1kFOW3ux4VDFIxb7tkYXHYc+zJpcrbs0hzcIO5ilIRU2tIOK1OrNwrFO6Qxyf7AUuBwYKLAtIU/Nz7g==
  
  sass-embedded-linux-arm64@1.83.0:
    version "1.83.0"
    resolved "https://registry.yarnpkg.com/sass-embedded-linux-arm64/-/sass-embedded-linux-arm64-1.83.0.tgz#e96869030fef27c73f2c01b238deaf8a41b536fa"
    integrity sha512-syEAVTJt4qhaMLxrSwOWa46zdqHJdnqJkLUK+t9aCr8xqBZLPxSUeIGji76uOehQZ1C+KGFj6n9xstHN6wzOJw==
  
  sass-embedded-linux-arm@1.83.0:
    version "1.83.0"
    resolved "https://registry.yarnpkg.com/sass-embedded-linux-arm/-/sass-embedded-linux-arm-1.83.0.tgz#06f710fbc1ec751f6ab0a758f23c23e77e89ebcb"
    integrity sha512-baG9RYBJxUFmqwDNC9h9ZFElgJoyO3jgHGjzEZ1wHhIS9anpG+zZQvO8bHx3dBpKEImX+DBeLX+CxsFR9n81gQ==
  
  sass-embedded-linux-ia32@1.83.0:
    version "1.83.0"
    resolved "https://registry.yarnpkg.com/sass-embedded-linux-ia32/-/sass-embedded-linux-ia32-1.83.0.tgz#9fd8ebb471788768a6e4811f26466ed63d38f934"
    integrity sha512-RRBxQxMpoxu5+XcSSc6QR/o9asEwUzR8AbCS83RaXcdTIHTa/CccQsiAoDDoPlRsMTLqnzs0LKL4CfOsf7zBbA==
  
  sass-embedded-linux-musl-arm64@1.83.0:
    version "1.83.0"
    resolved "https://registry.yarnpkg.com/sass-embedded-linux-musl-arm64/-/sass-embedded-linux-musl-arm64-1.83.0.tgz#f47539e94f19a9f7945ef542d91b874677d69d1a"
    integrity sha512-Y7juhPHClUO2H5O+u+StRy6SEAcwZ+hTEk5WJdEmo1Bb1gDtfHvJaWB/iFZJ2tW0W1e865AZeUrC4OcOFjyAQA==
  
  sass-embedded-linux-musl-arm@1.83.0:
    version "1.83.0"
    resolved "https://registry.yarnpkg.com/sass-embedded-linux-musl-arm/-/sass-embedded-linux-musl-arm-1.83.0.tgz#814d9b14e9b5c7acb1f9bda19e0b10cc8c074450"
    integrity sha512-Yc7u2TelCfBab+PRob9/MNJFh3EooMiz4urvhejXkihTiKSHGCv5YqDdtWzvyb9tY2Jb7YtYREVuHwfdVn3dTQ==
  
  sass-embedded-linux-musl-ia32@1.83.0:
    version "1.83.0"
    resolved "https://registry.yarnpkg.com/sass-embedded-linux-musl-ia32/-/sass-embedded-linux-musl-ia32-1.83.0.tgz#70f73ca2f19ce0d2314acaa1f7c509012fa50d56"
    integrity sha512-arQeYwGmwXV8byx5G1PtSzZWW1jbkfR5qrIHMEbTFSAvAxpqjgSvCvrHMOFd73FcMxVaYh4BX9LQNbKinkbEdg==
  
  sass-embedded-linux-musl-riscv64@1.83.0:
    version "1.83.0"
    resolved "https://registry.yarnpkg.com/sass-embedded-linux-musl-riscv64/-/sass-embedded-linux-musl-riscv64-1.83.0.tgz#53392ffb7903e7ea43cbb6a0541762ad3e4aeab0"
    integrity sha512-E6uzlIWz59rut+Z3XR6mLG915zNzv07ISvj3GUNZENdHM7dF8GQ//ANoIpl5PljMQKp89GnYdvo6kj2gnaBf/g==
  
  sass-embedded-linux-musl-x64@1.83.0:
    version "1.83.0"
    resolved "https://registry.yarnpkg.com/sass-embedded-linux-musl-x64/-/sass-embedded-linux-musl-x64-1.83.0.tgz#6dd9de8ce4d5a01ac3a6ae5bd91a6d546db1c837"
    integrity sha512-eAMK6tyGqvqr21r9g8BnR3fQc1rYFj85RGduSQ3xkITZ6jOAnOhuU94N5fwRS852Hpws0lXhET+7JHXgg3U18w==
  
  sass-embedded-linux-riscv64@1.83.0:
    version "1.83.0"
    resolved "https://registry.yarnpkg.com/sass-embedded-linux-riscv64/-/sass-embedded-linux-riscv64-1.83.0.tgz#7d568998d9e449dbd55a8701b47938ced5da0620"
    integrity sha512-Ojpi78pTv02sy2fUYirRGXHLY3fPnV/bvwuC2i5LwPQw2LpCcFyFTtN0c5h4LJDk9P6wr+/ZB/JXU8tHIOlK+Q==
  
  sass-embedded-linux-x64@1.83.0:
    version "1.83.0"
    resolved "https://registry.yarnpkg.com/sass-embedded-linux-x64/-/sass-embedded-linux-x64-1.83.0.tgz#f273cd915874504ba9fe6ab691a3023dbae8aea3"
    integrity sha512-3iLjlXdoPfgZRtX4odhRvka1BQs5mAXqfCtDIQBgh/o0JnGPzJIWWl9bYLpHxK8qb+uyVBxXYgXpI0sCzArBOw==
  
  sass-embedded-win32-arm64@1.83.0:
    version "1.83.0"
    resolved "https://registry.yarnpkg.com/sass-embedded-win32-arm64/-/sass-embedded-win32-arm64-1.83.0.tgz#26a5808a4b7c7077aba749e2ffa8be8633db2f0f"
    integrity sha512-iOHw/8/t2dlTW3lOFwG5eUbiwhEyGWawivlKWJ8lkXH7fjMpVx2VO9zCFAm8RvY9xOHJ9sf1L7g5bx3EnNP9BQ==
  
  sass-embedded-win32-ia32@1.83.0:
    version "1.83.0"
    resolved "https://registry.yarnpkg.com/sass-embedded-win32-ia32/-/sass-embedded-win32-ia32-1.83.0.tgz#a9751b77e8b91665d04e94ef4651a7961713b542"
    integrity sha512-2PxNXJ8Pad4geVcTXY4rkyTr5AwbF8nfrCTDv0ulbTvPhzX2mMKEGcBZUXWn5BeHZTBc6whNMfS7d5fQXR9dDQ==
  
  sass-embedded-win32-x64@1.83.0:
    version "1.83.0"
    resolved "https://registry.yarnpkg.com/sass-embedded-win32-x64/-/sass-embedded-win32-x64-1.83.0.tgz#f7d4c9196568b0173f33442aca5a4a02e17c7005"
    integrity sha512-muBXkFngM6eLTNqOV0FQi7Dv9s+YRQ42Yem26mosdan/GmJQc81deto6uDTgrYn+bzFNmiXcOdfm+0MkTWK3OQ==
  
  sass-embedded@^1.83.0:
    version "1.83.0"
    resolved "https://registry.yarnpkg.com/sass-embedded/-/sass-embedded-1.83.0.tgz#e2400eaf7432dea61bac61a924c0b02099fec954"
    integrity sha512-/8cYZeL39evUqe0o//193na51Q1VWZ61qhxioQvLJwOtWIrX+PgNhCyD8RSuTtmzc4+6+waFZf899bfp/MCUwA==
    dependencies:
      "@bufbuild/protobuf" "^2.0.0"
      buffer-builder "^0.2.0"
      colorjs.io "^0.5.0"
      immutable "^5.0.2"
      rxjs "^7.4.0"
      supports-color "^8.1.1"
      sync-child-process "^1.0.2"
      varint "^6.0.0"
    optionalDependencies:
      sass-embedded-android-arm "1.83.0"
      sass-embedded-android-arm64 "1.83.0"
      sass-embedded-android-ia32 "1.83.0"
      sass-embedded-android-riscv64 "1.83.0"
      sass-embedded-android-x64 "1.83.0"
      sass-embedded-darwin-arm64 "1.83.0"
      sass-embedded-darwin-x64 "1.83.0"
      sass-embedded-linux-arm "1.83.0"
      sass-embedded-linux-arm64 "1.83.0"
      sass-embedded-linux-ia32 "1.83.0"
      sass-embedded-linux-musl-arm "1.83.0"
      sass-embedded-linux-musl-arm64 "1.83.0"
      sass-embedded-linux-musl-ia32 "1.83.0"
      sass-embedded-linux-musl-riscv64 "1.83.0"
      sass-embedded-linux-musl-x64 "1.83.0"
      sass-embedded-linux-riscv64 "1.83.0"
      sass-embedded-linux-x64 "1.83.0"
      sass-embedded-win32-arm64 "1.83.0"
      sass-embedded-win32-ia32 "1.83.0"
      sass-embedded-win32-x64 "1.83.0"
  
  semver@^7.5.4, semver@^7.6.0, semver@^7.6.2:
    version "7.6.3"
    resolved "https://registry.yarnpkg.com/semver/-/semver-7.6.3.tgz#980f7b5550bc175fb4dc09403085627f9eb33143"
    integrity sha512-oVekP1cKtI+CTDvHWYFUcMtsK/00wmAEfyqKfNdARm8u1wNVhSgaX7A8d4UuIlUI5e84iEwOhs7ZPYRmzU9U6A==
  
  set-cookie-parser@^2.6.0:
    version "2.7.1"
    resolved "https://registry.yarnpkg.com/set-cookie-parser/-/set-cookie-parser-2.7.1.tgz#3016f150072202dfbe90fadee053573cc89d2943"
    integrity sha512-IOc8uWeOZgnb3ptbCURJWNjWUPcO3ZnTTdzsurqERrP6nPyv+paC55vJM0LpOlT2ne+Ix+9+CRG1MNLlyZ4GjQ==
  
  shebang-command@^2.0.0:
    version "2.0.0"
    resolved "https://registry.yarnpkg.com/shebang-command/-/shebang-command-2.0.0.tgz#ccd0af4f8835fbdc265b82461aaf0c36663f34ea"
    integrity sha512-kHxr2zZpYtdmrN1qDjrrX/Z1rR1kG8Dx+gkpK1G4eXmvXswmcE1hTWBWYUzlraYw1/yZp6YuDY77YtvbN0dmDA==
    dependencies:
      shebang-regex "^3.0.0"
  
  shebang-regex@^3.0.0:
    version "3.0.0"
    resolved "https://registry.yarnpkg.com/shebang-regex/-/shebang-regex-3.0.0.tgz#ae16f1644d873ecad843b0307b143362d4c42172"
    integrity sha512-7++dFhtcx3353uBaq8DDR4NuxBetBzC7ZQOhmTQInHEd6bSrXdiEyzCvG07Z44UYdLShWUyXt5M/yhz8ekcb1A==
  
  sirv@^3.0.0:
    version "3.0.0"
    resolved "https://registry.yarnpkg.com/sirv/-/sirv-3.0.0.tgz#f8d90fc528f65dff04cb597a88609d4e8a4361ce"
    integrity sha512-BPwJGUeDaDCHihkORDchNyyTvWFhcusy1XMmhEVTQTwGeybFbp8YEmB+njbPnth1FibULBSBVwCQni25XlCUDg==
    dependencies:
      "@polka/url" "^1.0.0-next.24"
      mrmime "^2.0.0"
      totalist "^3.0.0"
  
  source-map-js@^1.2.1:
    version "1.2.1"
    resolved "https://registry.yarnpkg.com/source-map-js/-/source-map-js-1.2.1.tgz#1ce5650fddd87abc099eda37dcff024c2667ae46"
    integrity sha512-UXWMKhLOwVKb728IUtQPXxfYU+usdybtUrK/8uGE8CQMvrhOpwvzDBwj0QhSL7MQc7vIsISBG8VQ8+IDQxpfQA==
  
  strip-json-comments@^3.1.1:
    version "3.1.1"
    resolved "https://registry.yarnpkg.com/strip-json-comments/-/strip-json-comments-3.1.1.tgz#31f1281b3832630434831c310c01cccda8cbe006"
    integrity sha512-6fPc+R4ihwqP6N/aIv2f1gMH8lOVtWQHoqC4yK6oSDVVocumAsfCqjkXnqiYMhmMwS/mEHLp7Vehlt3ql6lEig==
  
  supports-color@^7.1.0:
    version "7.2.0"
    resolved "https://registry.yarnpkg.com/supports-color/-/supports-color-7.2.0.tgz#1b7dcdcb32b8138801b3e478ba6a51caa89648da"
    integrity sha512-qpCAvRl9stuOHveKsn7HncJRvv501qIacKzQlO/+Lwxc9+0q2wLyv4Dfvt80/DPn2pqOBsJdDiogXGR9+OvwRw==
    dependencies:
      has-flag "^4.0.0"
  
  supports-color@^8.1.1:
    version "8.1.1"
    resolved "https://registry.yarnpkg.com/supports-color/-/supports-color-8.1.1.tgz#cd6fc17e28500cff56c1b86c0a7fd4a54a73005c"
    integrity sha512-MpUEN2OodtUzxvKQl72cUF7RQ5EiHsGvSsVG0ia9c5RbWGL2CI4C7EpPS8UTBIplnlzZiNuV56w+FuNxy3ty2Q==
    dependencies:
      has-flag "^4.0.0"
  
  svelte-check@^4.0.0:
    version "4.1.1"
    resolved "https://registry.yarnpkg.com/svelte-check/-/svelte-check-4.1.1.tgz#4d6a97651bdcff84ad10521d0394ce094dee187a"
    integrity sha512-NfaX+6Qtc8W/CyVGS/F7/XdiSSyXz+WGYA9ZWV3z8tso14V2vzjfXviKaTFEzB7g8TqfgO2FOzP6XT4ApSTUTw==
    dependencies:
      "@jridgewell/trace-mapping" "^0.3.25"
      chokidar "^4.0.1"
      fdir "^6.2.0"
      picocolors "^1.0.0"
      sade "^1.7.4"
  
  svelte-eslint-parser@^0.43.0:
    version "0.43.0"
    resolved "https://registry.yarnpkg.com/svelte-eslint-parser/-/svelte-eslint-parser-0.43.0.tgz#649e80f65183c4c1d1536d03dcb903e0632f4da4"
    integrity sha512-GpU52uPKKcVnh8tKN5P4UZpJ/fUDndmq7wfsvoVXsyP+aY0anol7Yqo01fyrlaWGMFfm4av5DyrjlaXdLRJvGA==
    dependencies:
      eslint-scope "^7.2.2"
      eslint-visitor-keys "^3.4.3"
      espree "^9.6.1"
      postcss "^8.4.39"
      postcss-scss "^4.0.9"
  
  svelte@^5.0.0:
    version "5.15.0"
    resolved "https://registry.yarnpkg.com/svelte/-/svelte-5.15.0.tgz#ff30995a1a5f3478db6f3550b2d9b9ca9463ce01"
    integrity sha512-YWl8rAd4hSjERLtLvP6h2pflGtmrJwv+L12BgrOtHYJCpvLS9WKp/YNAdyolw3FymXtcYZqhSWvWlu5O1X7tgQ==
    dependencies:
      "@ampproject/remapping" "^2.3.0"
      "@jridgewell/sourcemap-codec" "^1.5.0"
      "@types/estree" "^1.0.5"
      acorn "^8.12.1"
      acorn-typescript "^1.4.13"
      aria-query "^5.3.1"
      axobject-query "^4.1.0"
      esm-env "^1.2.1"
      esrap "^1.3.2"
      is-reference "^3.0.3"
      locate-character "^3.0.0"
      magic-string "^0.30.11"
      zimmerframe "^1.1.2"
  
  sync-child-process@^1.0.2:
    version "1.0.2"
    resolved "https://registry.yarnpkg.com/sync-child-process/-/sync-child-process-1.0.2.tgz#45e7c72e756d1243e80b547ea2e17957ab9e367f"
    integrity sha512-8lD+t2KrrScJ/7KXCSyfhT3/hRq78rC0wBFqNJXv3mZyn6hW2ypM05JmlSvtqRbeq6jqA94oHbxAr2vYsJ8vDA==
    dependencies:
      sync-message-port "^1.0.0"
  
  sync-message-port@^1.0.0:
    version "1.1.3"
    resolved "https://registry.yarnpkg.com/sync-message-port/-/sync-message-port-1.1.3.tgz#6055c565ee8c81d2f9ee5aae7db757e6d9088c0c"
    integrity sha512-GTt8rSKje5FilG+wEdfCkOcLL7LWqpMlr2c3LRuKt/YXxcJ52aGSbGBAdI4L3aaqfrBt6y711El53ItyH1NWzg==
  
  tiny-glob@^0.2.9:
    version "0.2.9"
    resolved "https://registry.yarnpkg.com/tiny-glob/-/tiny-glob-0.2.9.tgz#2212d441ac17928033b110f8b3640683129d31e2"
    integrity sha512-g/55ssRPUjShh+xkfx9UPDXqhckHEsHr4Vd9zX55oSdGZc/MD0m3sferOkwWtp98bv+kcVfEHtRJgBVJzelrzg==
    dependencies:
      globalyzer "0.1.0"
      globrex "^0.1.2"
  
  to-regex-range@^5.0.1:
    version "5.0.1"
    resolved "https://registry.yarnpkg.com/to-regex-range/-/to-regex-range-5.0.1.tgz#1648c44aae7c8d988a326018ed72f5b4dd0392e4"
    integrity sha512-65P7iz6X5yEr1cwcgvQxbbIw7Uk3gOy5dIdtZ4rDveLqhrdJP+Li/Hx6tyK0NEb+2GCyneCMJiGqrADCSNk8sQ==
    dependencies:
      is-number "^7.0.0"
  
  totalist@^3.0.0:
    version "3.0.1"
    resolved "https://registry.yarnpkg.com/totalist/-/totalist-3.0.1.tgz#ba3a3d600c915b1a97872348f79c127475f6acf8"
    integrity sha512-sf4i37nQ2LBx4m3wB74y+ubopq6W/dIzXg0FDGjsYnZHVa1Da8FH853wlL2gtUhg+xJXjfk3kUZS3BRoQeoQBQ==
  
  ts-api-utils@^1.3.0:
    version "1.4.3"
    resolved "https://registry.yarnpkg.com/ts-api-utils/-/ts-api-utils-1.4.3.tgz#bfc2215fe6528fecab2b0fba570a2e8a4263b064"
    integrity sha512-i3eMG77UTMD0hZhgRS562pv83RC6ukSAC2GMNWc+9dieh/+jDM5u5YG+NHX6VNDRHQcHwmsTHctP9LhbC3WxVw==
  
  tslib@^2.1.0:
    version "2.8.1"
    resolved "https://registry.yarnpkg.com/tslib/-/tslib-2.8.1.tgz#612efe4ed235d567e8aba5f2a5fab70280ade83f"
    integrity sha512-oJFu94HQb+KVduSUQL7wnpmqnfmLsOA/nAh6b6EH0wCEoK0/mPeXU6c3wKDV83MkOuHPRHtSXKKU99IBazS/2w==
  
  type-check@^0.4.0, type-check@~0.4.0:
    version "0.4.0"
    resolved "https://registry.yarnpkg.com/type-check/-/type-check-0.4.0.tgz#07b8203bfa7056c0657050e3ccd2c37730bab8f1"
    integrity sha512-XleUoc9uwGXqjWwXaUTZAmzMcFZ5858QA2vvx1Ur5xIcixXIP+8LnFDgRplU30us6teqdlskFfu+ae4K79Ooew==
    dependencies:
      prelude-ls "^1.2.1"
  
  typescript-eslint@^8.0.0:
    version "8.18.1"
    resolved "https://registry.yarnpkg.com/typescript-eslint/-/typescript-eslint-8.18.1.tgz#197b284b6769678ed77d9868df180eeaf61108eb"
    integrity sha512-Mlaw6yxuaDEPQvb/2Qwu3/TfgeBHy9iTJ3mTwe7OvpPmF6KPQjVOfGyEJpPv6Ez2C34OODChhXrzYw/9phI0MQ==
    dependencies:
      "@typescript-eslint/eslint-plugin" "8.18.1"
      "@typescript-eslint/parser" "8.18.1"
      "@typescript-eslint/utils" "8.18.1"
  
  typescript@^5.0.0:
    version "5.7.2"
    resolved "https://registry.yarnpkg.com/typescript/-/typescript-5.7.2.tgz#3169cf8c4c8a828cde53ba9ecb3d2b1d5dd67be6"
    integrity sha512-i5t66RHxDvVN40HfDd1PsEThGNnlMCMT3jMUuoh9/0TaqWevNontacunWyN02LA9/fIbEWlcHZcgTKb9QoaLfg==
  
  uri-js@^4.2.2:
    version "4.4.1"
    resolved "https://registry.yarnpkg.com/uri-js/-/uri-js-4.4.1.tgz#9b1a52595225859e55f669d928f88c6c57f2a77e"
    integrity sha512-7rKUyy33Q1yc98pQ1DAmLtwX109F7TIfWlW1Ydo8Wl1ii1SeHieeh0HHfPeL2fMXK6z0s8ecKs9frCuLJvndBg==
    dependencies:
      punycode "^2.1.0"
  
  util-deprecate@^1.0.2:
    version "1.0.2"
    resolved "https://registry.yarnpkg.com/util-deprecate/-/util-deprecate-1.0.2.tgz#450d4dc9fa70de732762fbd2d4a28981419a0ccf"
    integrity sha512-EPD5q1uXyFxJpCrLnCc1nHnq3gOa6DZBocAIiI2TaSCA7VCJ1UJDMagCzIkXNsUYfD1daK//LTEQ8xiIbrHtcw==
  
  varint@^6.0.0:
    version "6.0.0"
    resolved "https://registry.yarnpkg.com/varint/-/varint-6.0.0.tgz#9881eb0ce8feaea6512439d19ddf84bf551661d0"
    integrity sha512-cXEIW6cfr15lFv563k4GuVuW/fiwjknytD37jIOLSdSWuOI6WnO/oKwmP2FQTU2l01LP8/M5TSAJpzUaGe3uWg==
  
  vite@^5.4.11:
    version "5.4.11"
    resolved "https://registry.yarnpkg.com/vite/-/vite-5.4.11.tgz#3b415cd4aed781a356c1de5a9ebafb837715f6e5"
    integrity sha512-c7jFQRklXua0mTzneGW9QVyxFjUgwcihC4bXEtujIo2ouWCe1Ajt/amn2PCxYnhYfd5k09JX3SB7OYWFKYqj8Q==
    dependencies:
      esbuild "^0.21.3"
      postcss "^8.4.43"
      rollup "^4.20.0"
    optionalDependencies:
      fsevents "~2.3.3"
  
  vitefu@^1.0.3:
    version "1.0.4"
    resolved "https://registry.yarnpkg.com/vitefu/-/vitefu-1.0.4.tgz#8e0355362d2f64c499cbb22d5dbc3184d02c9a2d"
    integrity sha512-y6zEE3PQf6uu/Mt6DTJ9ih+kyJLr4XcSgHR2zUkM8SWDhuixEJxfJ6CZGMHh1Ec3vPLoEA0IHU5oWzVqw8ulow==
  
  which@^2.0.1:
    version "2.0.2"
    resolved "https://registry.yarnpkg.com/which/-/which-2.0.2.tgz#7c6a8dd0a636a0327e10b59c9286eee93f3f51b1"
    integrity sha512-BLI3Tl1TW3Pvl70l3yq3Y64i+awpwXqsGBYWkkqMtnbXgrMD+yj7rhW0kuEDxzJaYXGjEW5ogapKNMEKNMjibA==
    dependencies:
      isexe "^2.0.0"
  
  word-wrap@^1.2.5:
    version "1.2.5"
    resolved "https://registry.yarnpkg.com/word-wrap/-/word-wrap-1.2.5.tgz#d2c45c6dd4fbce621a66f136cbe328afd0410b34"
    integrity sha512-BN22B5eaMMI9UMtjrGd5g5eCYPpCPDUy0FJXbYsaT5zYxjFOckS53SQDE3pWkVoWpHXVb3BrYcEN4Twa55B5cA==
  
  yaml@^1.10.2:
    version "1.10.2"
    resolved "https://registry.yarnpkg.com/yaml/-/yaml-1.10.2.tgz#2301c5ffbf12b467de8da2333a459e29e7920e4b"
    integrity sha512-r3vXyErRCYJ7wg28yvBY5VSoAF8ZvlcW9/BwUzEtUsjvX/DKs24dIkuwjtuprwJJHsbyUbLApepYTR1BN4uHrg==
  
  yocto-queue@^0.1.0:
    version "0.1.0"
    resolved "https://registry.yarnpkg.com/yocto-queue/-/yocto-queue-0.1.0.tgz#0294eb3dee05028d31ee1a5fa2c556a6aaf10a1b"
    integrity sha512-rVksvsnNCdJ/ohGc6xgPwyN8eheCxsiLM8mxuE/t/mOVqJewPuO1miLpTHQiRgTKCLexL4MeAFVagts7HmNZ2Q==
  
  zimmerframe@^1.1.2:
    version "1.1.2"
    resolved "https://registry.yarnpkg.com/zimmerframe/-/zimmerframe-1.1.2.tgz#5b75f1fa83b07ae2a428d51e50f58e2ae6855e5e"
    integrity sha512-rAbqEGa8ovJy4pyBxZM70hg4pE6gDgaQ0Sl9M3enG3I0d6H4XSAM3GeNGLKnsBpuijUow064sf7ww1nutC5/3w==
